# JRE version: Java(TM) SE Runtime Environment (8.0_191-b12) (build 1.8.0_191-b12)
# Java VM: Java HotSpot(TM) 64-Bit Server VM (25.191-b12 mixed mode windows-amd64 compressed oops)
Heap:
 PSYoungGen      total 94208K, used 72578K [0x00000000d6100000, 0x00000000de680000, 0x0000000100000000)
  eden space 70656K, 88% used [0x00000000d6100000,0x00000000d9de22d8,0x00000000da600000)
  from space 23552K, 43% used [0x00000000da600000,0x00000000daffe600,0x00000000dbd00000)
  to   space 23040K, 0% used [0x00000000dd000000,0x00000000dd000000,0x00000000de680000)
 ParOldGen       total 137216K, used 45744K [0x0000000082200000, 0x000000008a800000, 0x00000000d6100000)
  object space 137216K, 33% used [0x0000000082200000,0x0000000084eac2f0,0x000000008a800000)
 Metaspace       used 48958K, capacity 50910K, committed 51328K, reserved 1093632K
  class space    used 6629K, capacity 6964K, committed 7040K, reserved 1048576K
GC Heap History (10 events):
Event: 3.330 GC heap before
{Heap before GC invocations=7 (full 1):
 PSYoungGen      total 47104K, used 47085K [0x00000000d6100000, 0x00000000daf80000, 0x0000000100000000)
  eden space 41984K, 100% used [0x00000000d6100000,0x00000000d8a00000,0x00000000d8a00000)
  from space 5120K, 99% used [0x00000000d8a00000,0x00000000d8efb568,0x00000000d8f00000)
  to   space 12800K, 0% used [0x00000000da300000,0x00000000da300000,0x00000000daf80000)
 ParOldGen       total 68096K, used 21979K [0x0000000082200000, 0x0000000086480000, 0x00000000d6100000)
  object space 68096K, 32% used [0x0000000082200000,0x0000000083776d48,0x0000000086480000)
 Metaspace       used 27694K, capacity 29504K, committed 29568K, reserved 1075200K
  class space    used 3871K, capacity 4209K, committed 4224K, reserved 1048576K
Event: 3.349 GC heap after
Heap after GC invocations=7 (full 1):
 PSYoungGen      total 64000K, used 12780K [0x00000000d6100000, 0x00000000dbb00000, 0x0000000100000000)
  eden space 51200K, 0% used [0x00000000d6100000,0x00000000d6100000,0x00000000d9300000)
  from space 12800K, 99% used [0x00000000da300000,0x00000000daf7b068,0x00000000daf80000)
  to   space 16384K, 0% used [0x00000000d9300000,0x00000000d9300000,0x00000000da300000)
 ParOldGen       total 68096K, used 25364K [0x0000000082200000, 0x0000000086480000, 0x00000000d6100000)
  object space 68096K, 37% used [0x0000000082200000,0x0000000083ac53c0,0x0000000086480000)
 Metaspace       used 27694K, capacity 29504K, committed 29568K, reserved 1075200K
  class space    used 3871K, capacity 4209K, committed 4224K, reserved 1048576K
}
Event: 5.402 GC heap before
{Heap before GC invocations=8 (full 1):
 PSYoungGen      total 64000K, used 63980K [0x00000000d6100000, 0x00000000dbb00000, 0x0000000100000000)
  eden space 51200K, 100% used [0x00000000d6100000,0x00000000d9300000,0x00000000d9300000)
  from space 12800K, 99% used [0x00000000da300000,0x00000000daf7b068,0x00000000daf80000)
  to   space 16384K, 0% used [0x00000000d9300000,0x00000000d9300000,0x00000000da300000)
 ParOldGen       total 68096K, used 25364K [0x0000000082200000, 0x0000000086480000, 0x00000000d6100000)
  object space 68096K, 37% used [0x0000000082200000,0x0000000083ac53c0,0x0000000086480000)
 Metaspace       used 30251K, capacity 32084K, committed 32256K, reserved 1077248K
  class space    used 4178K, capacity 4511K, committed 4608K, reserved 1048576K
Event: 5.424 GC heap after
Heap after GC invocations=8 (full 1):
 PSYoungGen      total 67584K, used 16366K [0x00000000d6100000, 0x00000000dd400000, 0x0000000100000000)
  eden space 51200K, 0% used [0x00000000d6100000,0x00000000d6100000,0x00000000d9300000)
  from space 16384K, 99% used [0x00000000d9300000,0x00000000da2fb958,0x00000000da300000)
  to   space 23552K, 0% used [0x00000000dbd00000,0x00000000dbd00000,0x00000000dd400000)
 ParOldGen       total 68096K, used 34200K [0x0000000082200000, 0x0000000086480000, 0x00000000d6100000)
  object space 68096K, 50% used [0x0000000082200000,0x0000000084366030,0x0000000086480000)
 Metaspace       used 30251K, capacity 32084K, committed 32256K, reserved 1077248K
  class space    used 4178K, capacity 4511K, committed 4608K, reserved 1048576K
}
Event: 5.622 GC heap before
{Heap before GC invocations=9 (full 1):
 PSYoungGen      total 67584K, used 35492K [0x00000000d6100000, 0x00000000dd400000, 0x0000000100000000)
  eden space 51200K, 37% used [0x00000000d6100000,0x00000000d73ad990,0x00000000d9300000)
  from space 16384K, 99% used [0x00000000d9300000,0x00000000da2fb958,0x00000000da300000)
  to   space 23552K, 0% used [0x00000000dbd00000,0x00000000dbd00000,0x00000000dd400000)
 ParOldGen       total 68096K, used 34200K [0x0000000082200000, 0x0000000086480000, 0x00000000d6100000)
  object space 68096K, 50% used [0x0000000082200000,0x0000000084366030,0x0000000086480000)
 Metaspace       used 33436K, capacity 35294K, committed 35416K, reserved 1079296K
  class space    used 4656K, capacity 4998K, committed 5120K, reserved 1048576K
Event: 5.636 GC heap after
Heap after GC invocations=9 (full 1):
 PSYoungGen      total 94208K, used 15778K [0x00000000d6100000, 0x00000000dda80000, 0x0000000100000000)
  eden space 70656K, 0% used [0x00000000d6100000,0x00000000d6100000,0x00000000da600000)
  from space 23552K, 66% used [0x00000000dbd00000,0x00000000dcc68b08,0x00000000dd400000)
  to   space 23552K, 0% used [0x00000000da600000,0x00000000da600000,0x00000000dbd00000)
 ParOldGen       total 68096K, used 37184K [0x0000000082200000, 0x0000000086480000, 0x00000000d6100000)
  object space 68096K, 54% used [0x0000000082200000,0x0000000084650080,0x0000000086480000)
 Metaspace       used 33436K, capacity 35294K, committed 35416K, reserved 1079296K
  class space    used 4656K, capacity 4998K, committed 5120K, reserved 1048576K
}
Event: 5.636 GC heap before
{Heap before GC invocations=10 (full 2):
 PSYoungGen      total 94208K, used 15778K [0x00000000d6100000, 0x00000000dda80000, 0x0000000100000000)
  eden space 70656K, 0% used [0x00000000d6100000,0x00000000d6100000,0x00000000da600000)
  from space 23552K, 66% used [0x00000000dbd00000,0x00000000dcc68b08,0x00000000dd400000)
  to   space 23552K, 0% used [0x00000000da600000,0x00000000da600000,0x00000000dbd00000)
 ParOldGen       total 68096K, used 37184K [0x0000000082200000, 0x0000000086480000, 0x00000000d6100000)
  object space 68096K, 54% used [0x0000000082200000,0x0000000084650080,0x0000000086480000)
 Metaspace       used 33436K, capacity 35294K, committed 35416K, reserved 1079296K
  class space    used 4656K, capacity 4998K, committed 5120K, reserved 1048576K
Event: 5.751 GC heap after
Heap after GC invocations=10 (full 2):
 PSYoungGen      total 94208K, used 0K [0x00000000d6100000, 0x00000000dda80000, 0x0000000100000000)
  eden space 70656K, 0% used [0x00000000d6100000,0x00000000d6100000,0x00000000da600000)
  from space 23552K, 0% used [0x00000000dbd00000,0x00000000dbd00000,0x00000000dd400000)
  to   space 23552K, 0% used [0x00000000da600000,0x00000000da600000,0x00000000dbd00000)
 ParOldGen       total 137216K, used 45736K [0x0000000082200000, 0x000000008a800000, 0x00000000d6100000)
  object space 137216K, 33% used [0x0000000082200000,0x0000000084eaa2f0,0x000000008a800000)
 Metaspace       used 33436K, capacity 35294K, committed 35416K, reserved 1079296K
  class space    used 4656K, capacity 4998K, committed 5120K, reserved 1048576K
}
Event: 6.539 GC heap before
{Heap before GC invocations=11 (full 2):
 PSYoungGen      total 94208K, used 70656K [0x00000000d6100000, 0x00000000dda80000, 0x0000000100000000)
  eden space 70656K, 100% used [0x00000000d6100000,0x00000000da600000,0x00000000da600000)
  from space 23552K, 0% used [0x00000000dbd00000,0x00000000dbd00000,0x00000000dd400000)
  to   space 23552K, 0% used [0x00000000da600000,0x00000000da600000,0x00000000dbd00000)
 ParOldGen       total 137216K, used 45736K [0x0000000082200000, 0x000000008a800000, 0x00000000d6100000)
  object space 137216K, 33% used [0x0000000082200000,0x0000000084eaa2f0,0x000000008a800000)
 Metaspace       used 43226K, capacity 45166K, committed 45568K, reserved 1089536K
  class space    used 5981K, capacity 6318K, committed 6400K, reserved 1048576K
Event: 6.545 GC heap after
Heap after GC invocations=11 (full 2):
 PSYoungGen      total 94208K, used 10233K [0x00000000d6100000, 0x00000000de680000, 0x0000000100000000)
  eden space 70656K, 0% used [0x00000000d6100000,0x00000000d6100000,0x00000000da600000)
  from space 23552K, 43% used [0x00000000da600000,0x00000000daffe600,0x00000000dbd00000)
  to   space 23040K, 0% used [0x00000000dd000000,0x00000000dd000000,0x00000000de680000)
 ParOldGen       total 137216K, used 45744K [0x0000000082200000, 0x000000008a800000, 0x00000000d6100000)
  object space 137216K, 33% used [0x0000000082200000,0x0000000084eac2f0,0x000000008a800000)
 Metaspace       used 43226K, capacity 45166K, committed 45568K, reserved 1089536K
  class space    used 5981K, capacity 6318K, committed 6400K, reserved 1048576K
}

