# JRE version: Java(TM) SE Runtime Environment (8.0_181-b13) (build 1.8.0_181-b13)
# Java VM: Java HotSpot(TM) 64-Bit Server VM (25.181-b13 mixed mode windows-amd64 compressed oops)
Heap:
 PSYoungGen      total 141312K, used 58177K [0x00000000d6100000, 0x00000000df400000, 0x0000000100000000)
  eden space 132096K, 37% used [0x00000000d6100000,0x00000000d90d3b00,0x00000000de200000)
  from space 9216K, 99% used [0x00000000de200000,0x00000000deafca40,0x00000000deb00000)
  to   space 4608K, 0% used [0x00000000def80000,0x00000000def80000,0x00000000df400000)
 ParOldGen       total 66048K, used 19385K [0x0000000082200000, 0x0000000086280000, 0x00000000d6100000)
  object space 66048K, 29% used [0x0000000082200000,0x00000000834ee7d8,0x0000000086280000)
 Metaspace       used 24899K, capacity 26114K, committed 26240K, reserved 1071104K
  class space    used 3376K, capacity 3649K, committed 3712K, reserved 1048576K
GC Heap History (10 events):
Event: 1.311 GC heap before
{Heap before GC invocations=6 (full 1):
 PSYoungGen      total 49152K, used 49112K [0x00000000d6100000, 0x00000000da200000, 0x0000000100000000)
  eden space 44032K, 99% used [0x00000000d6100000,0x00000000d8bff838,0x00000000d8c00000)
  from space 5120K, 99% used [0x00000000d9100000,0x00000000d95f69b0,0x00000000d9600000)
  to   space 5120K, 0% used [0x00000000d8c00000,0x00000000d8c00000,0x00000000d9100000)
 ParOldGen       total 66048K, used 12339K [0x0000000082200000, 0x0000000086280000, 0x00000000d6100000)
  object space 66048K, 18% used [0x0000000082200000,0x0000000082e0cc88,0x0000000086280000)
 Metaspace       used 22663K, capacity 23826K, committed 24064K, reserved 1069056K
  class space    used 3251K, capacity 3487K, committed 3584K, reserved 1048576K
Event: 1.313 GC heap after
Heap after GC invocations=6 (full 1):
 PSYoungGen      total 49152K, used 3167K [0x00000000d6100000, 0x00000000dbf00000, 0x0000000100000000)
  eden space 44032K, 0% used [0x00000000d6100000,0x00000000d6100000,0x00000000d8c00000)
  from space 5120K, 61% used [0x00000000d8c00000,0x00000000d8f17de0,0x00000000d9100000)
  to   space 9728K, 0% used [0x00000000db580000,0x00000000db580000,0x00000000dbf00000)
 ParOldGen       total 66048K, used 12347K [0x0000000082200000, 0x0000000086280000, 0x00000000d6100000)
  object space 66048K, 18% used [0x0000000082200000,0x0000000082e0ec88,0x0000000086280000)
 Metaspace       used 22663K, capacity 23826K, committed 24064K, reserved 1069056K
  class space    used 3251K, capacity 3487K, committed 3584K, reserved 1048576K
}
Event: 1.322 GC heap before
{Heap before GC invocations=7 (full 1):
 PSYoungGen      total 49152K, used 47174K [0x00000000d6100000, 0x00000000dbf00000, 0x0000000100000000)
  eden space 44032K, 99% used [0x00000000d6100000,0x00000000d8bf9a40,0x00000000d8c00000)
  from space 5120K, 61% used [0x00000000d8c00000,0x00000000d8f17de0,0x00000000d9100000)
  to   space 9728K, 0% used [0x00000000db580000,0x00000000db580000,0x00000000dbf00000)
 ParOldGen       total 66048K, used 12347K [0x0000000082200000, 0x0000000086280000, 0x00000000d6100000)
  object space 66048K, 18% used [0x0000000082200000,0x0000000082e0ec88,0x0000000086280000)
 Metaspace       used 22664K, capacity 23826K, committed 24064K, reserved 1069056K
  class space    used 3251K, capacity 3487K, committed 3584K, reserved 1048576K
Event: 1.325 GC heap after
Heap after GC invocations=7 (full 1):
 PSYoungGen      total 86528K, used 3204K [0x00000000d6100000, 0x00000000dc100000, 0x0000000100000000)
  eden space 76800K, 0% used [0x00000000d6100000,0x00000000d6100000,0x00000000dac00000)
  from space 9728K, 32% used [0x00000000db580000,0x00000000db8a1348,0x00000000dbf00000)
  to   space 9728K, 0% used [0x00000000dac00000,0x00000000dac00000,0x00000000db580000)
 ParOldGen       total 66048K, used 12347K [0x0000000082200000, 0x0000000086280000, 0x00000000d6100000)
  object space 66048K, 18% used [0x0000000082200000,0x0000000082e0ec88,0x0000000086280000)
 Metaspace       used 22664K, capacity 23826K, committed 24064K, reserved 1069056K
  class space    used 3251K, capacity 3487K, committed 3584K, reserved 1048576K
}
Event: 1.344 GC heap before
{Heap before GC invocations=8 (full 1):
 PSYoungGen      total 86528K, used 79832K [0x00000000d6100000, 0x00000000dc100000, 0x0000000100000000)
  eden space 76800K, 99% used [0x00000000d6100000,0x00000000dabd5058,0x00000000dac00000)
  from space 9728K, 32% used [0x00000000db580000,0x00000000db8a1348,0x00000000dbf00000)
  to   space 9728K, 0% used [0x00000000dac00000,0x00000000dac00000,0x00000000db580000)
 ParOldGen       total 66048K, used 12347K [0x0000000082200000, 0x0000000086280000, 0x00000000d6100000)
  object space 66048K, 18% used [0x0000000082200000,0x0000000082e0ec88,0x0000000086280000)
 Metaspace       used 22664K, capacity 23826K, committed 24064K, reserved 1069056K
  class space    used 3251K, capacity 3487K, committed 3584K, reserved 1048576K
Event: 1.346 GC heap after
Heap after GC invocations=8 (full 1):
 PSYoungGen      total 86528K, used 3225K [0x00000000d6100000, 0x00000000df900000, 0x0000000100000000)
  eden space 76800K, 0% used [0x00000000d6100000,0x00000000d6100000,0x00000000dac00000)
  from space 9728K, 33% used [0x00000000dac00000,0x00000000daf26630,0x00000000db580000)
  to   space 9728K, 0% used [0x00000000def80000,0x00000000def80000,0x00000000df900000)
 ParOldGen       total 66048K, used 12347K [0x0000000082200000, 0x0000000086280000, 0x00000000d6100000)
  object space 66048K, 18% used [0x0000000082200000,0x0000000082e0ec88,0x0000000086280000)
 Metaspace       used 22664K, capacity 23826K, committed 24064K, reserved 1069056K
  class space    used 3251K, capacity 3487K, committed 3584K, reserved 1048576K
}
Event: 1.970 GC heap before
{Heap before GC invocations=9 (full 1):
 PSYoungGen      total 86528K, used 80014K [0x00000000d6100000, 0x00000000df900000, 0x0000000100000000)
  eden space 76800K, 99% used [0x00000000d6100000,0x00000000dabfd4a8,0x00000000dac00000)
  from space 9728K, 33% used [0x00000000dac00000,0x00000000daf26630,0x00000000db580000)
  to   space 9728K, 0% used [0x00000000def80000,0x00000000def80000,0x00000000df900000)
 ParOldGen       total 66048K, used 12347K [0x0000000082200000, 0x0000000086280000, 0x00000000d6100000)
  object space 66048K, 18% used [0x0000000082200000,0x0000000082e0ec88,0x0000000086280000)
 Metaspace       used 23586K, capacity 24812K, committed 24960K, reserved 1071104K
  class space    used 3340K, capacity 3596K, committed 3712K, reserved 1048576K
Event: 1.974 GC heap after
Heap after GC invocations=9 (full 1):
 PSYoungGen      total 136704K, used 3386K [0x00000000d6100000, 0x00000000df400000, 0x0000000100000000)
  eden space 132096K, 0% used [0x00000000d6100000,0x00000000d6100000,0x00000000de200000)
  from space 4608K, 73% used [0x00000000def80000,0x00000000df2ce9e0,0x00000000df400000)
  to   space 9216K, 0% used [0x00000000de200000,0x00000000de200000,0x00000000deb00000)
 ParOldGen       total 66048K, used 15216K [0x0000000082200000, 0x0000000086280000, 0x00000000d6100000)
  object space 66048K, 23% used [0x0000000082200000,0x00000000830dc200,0x0000000086280000)
 Metaspace       used 23586K, capacity 24812K, committed 24960K, reserved 1071104K
  class space    used 3340K, capacity 3596K, committed 3712K, reserved 1048576K
}
Event: 319.280 GC heap before
{Heap before GC invocations=10 (full 1):
 PSYoungGen      total 136704K, used 135389K [0x00000000d6100000, 0x00000000df400000, 0x0000000100000000)
  eden space 132096K, 99% used [0x00000000d6100000,0x00000000de1e8d88,0x00000000de200000)
  from space 4608K, 73% used [0x00000000def80000,0x00000000df2ce9e0,0x00000000df400000)
  to   space 9216K, 0% used [0x00000000de200000,0x00000000de200000,0x00000000deb00000)
 ParOldGen       total 66048K, used 15216K [0x0000000082200000, 0x0000000086280000, 0x00000000d6100000)
  object space 66048K, 23% used [0x0000000082200000,0x00000000830dc200,0x0000000086280000)
 Metaspace       used 24629K, capacity 25854K, committed 25984K, reserved 1071104K
  class space    used 3376K, capacity 3649K, committed 3712K, reserved 1048576K
Event: 319.287 GC heap after
Heap after GC invocations=10 (full 1):
 PSYoungGen      total 141312K, used 9202K [0x00000000d6100000, 0x00000000df400000, 0x0000000100000000)
  eden space 132096K, 0% used [0x00000000d6100000,0x00000000d6100000,0x00000000de200000)
  from space 9216K, 99% used [0x00000000de200000,0x00000000deafca40,0x00000000deb00000)
  to   space 4608K, 0% used [0x00000000def80000,0x00000000def80000,0x00000000df400000)
 ParOldGen       total 66048K, used 19385K [0x0000000082200000, 0x0000000086280000, 0x00000000d6100000)
  object space 66048K, 29% used [0x0000000082200000,0x00000000834ee7d8,0x0000000086280000)
 Metaspace       used 24629K, capacity 25854K, committed 25984K, reserved 1071104K
  class space    used 3376K, capacity 3649K, committed 3712K, reserved 1048576K
}

