# JRE version: Java(TM) SE Runtime Environment (8.0_191-b12) (build 1.8.0_191-b12)
# Java VM: Java HotSpot(TM) 64-Bit Server VM (25.191-b12 mixed mode windows-amd64 compressed oops)
Heap:
 PSYoungGen      total 47104K, used 32277K [0x00000000d6100000, 0x00000000db200000, 0x0000000100000000)
  eden space 41984K, 64% used [0x00000000d6100000,0x00000000d7b85918,0x00000000d8a00000)
  from space 5120K, 99% used [0x00000000d8a00000,0x00000000d8effb68,0x00000000d8f00000)
  to   space 13312K, 0% used [0x00000000da500000,0x00000000da500000,0x00000000db200000)
 ParOldGen       total 69632K, used 22985K [0x0000000082200000, 0x0000000086600000, 0x00000000d6100000)
  object space 69632K, 33% used [0x0000000082200000,0x0000000083872490,0x0000000086600000)
 Metaspace       used 27414K, capacity 29250K, committed 29440K, reserved 1075200K
  class space    used 3881K, capacity 4254K, committed 4352K, reserved 1048576K
GC Heap History (10 events):
Event: 1.204 GC heap before
{Heap before GC invocations=2 (full 0):
 PSYoungGen      total 37888K, used 35365K [0x00000000d6100000, 0x00000000d8b00000, 0x0000000100000000)
  eden space 32768K, 93% used [0x00000000d6100000,0x00000000d7ec6df0,0x00000000d8100000)
  from space 5120K, 95% used [0x00000000d8100000,0x00000000d85c2798,0x00000000d8600000)
  to   space 5120K, 0% used [0x00000000d8600000,0x00000000d8600000,0x00000000d8b00000)
 ParOldGen       total 86016K, used 16K [0x0000000082200000, 0x0000000087600000, 0x00000000d6100000)
  object space 86016K, 0% used [0x0000000082200000,0x0000000082204000,0x0000000087600000)
 Metaspace       used 20354K, capacity 21184K, committed 21248K, reserved 1067008K
  class space    used 2817K, capacity 3051K, committed 3072K, reserved 1048576K
Event: 1.211 GC heap after
Heap after GC invocations=2 (full 0):
 PSYoungGen      total 37888K, used 5100K [0x00000000d6100000, 0x00000000dab00000, 0x0000000100000000)
  eden space 32768K, 0% used [0x00000000d6100000,0x00000000d6100000,0x00000000d8100000)
  from space 5120K, 99% used [0x00000000d8600000,0x00000000d8afb048,0x00000000d8b00000)
  to   space 5120K, 0% used [0x00000000d8100000,0x00000000d8100000,0x00000000d8600000)
 ParOldGen       total 86016K, used 4086K [0x0000000082200000, 0x0000000087600000, 0x00000000d6100000)
  object space 86016K, 4% used [0x0000000082200000,0x00000000825fd8f8,0x0000000087600000)
 Metaspace       used 20354K, capacity 21184K, committed 21248K, reserved 1067008K
  class space    used 2817K, capacity 3051K, committed 3072K, reserved 1048576K
}
Event: 1.211 GC heap before
{Heap before GC invocations=3 (full 1):
 PSYoungGen      total 37888K, used 5100K [0x00000000d6100000, 0x00000000dab00000, 0x0000000100000000)
  eden space 32768K, 0% used [0x00000000d6100000,0x00000000d6100000,0x00000000d8100000)
  from space 5120K, 99% used [0x00000000d8600000,0x00000000d8afb048,0x00000000d8b00000)
  to   space 5120K, 0% used [0x00000000d8100000,0x00000000d8100000,0x00000000d8600000)
 ParOldGen       total 86016K, used 4086K [0x0000000082200000, 0x0000000087600000, 0x00000000d6100000)
  object space 86016K, 4% used [0x0000000082200000,0x00000000825fd8f8,0x0000000087600000)
 Metaspace       used 20354K, capacity 21184K, committed 21248K, reserved 1067008K
  class space    used 2817K, capacity 3051K, committed 3072K, reserved 1048576K
Event: 1.242 GC heap after
Heap after GC invocations=3 (full 1):
 PSYoungGen      total 37888K, used 0K [0x00000000d6100000, 0x00000000dab00000, 0x0000000100000000)
  eden space 32768K, 0% used [0x00000000d6100000,0x00000000d6100000,0x00000000d8100000)
  from space 5120K, 0% used [0x00000000d8600000,0x00000000d8600000,0x00000000d8b00000)
  to   space 5120K, 0% used [0x00000000d8100000,0x00000000d8100000,0x00000000d8600000)
 ParOldGen       total 69632K, used 8990K [0x0000000082200000, 0x0000000086600000, 0x00000000d6100000)
  object space 69632K, 12% used [0x0000000082200000,0x0000000082ac7b68,0x0000000086600000)
 Metaspace       used 20354K, capacity 21184K, committed 21248K, reserved 1067008K
  class space    used 2817K, capacity 3051K, committed 3072K, reserved 1048576K
}
Event: 1.994 GC heap before
{Heap before GC invocations=4 (full 1):
 PSYoungGen      total 37888K, used 32768K [0x00000000d6100000, 0x00000000dab00000, 0x0000000100000000)
  eden space 32768K, 100% used [0x00000000d6100000,0x00000000d8100000,0x00000000d8100000)
  from space 5120K, 0% used [0x00000000d8600000,0x00000000d8600000,0x00000000d8b00000)
  to   space 5120K, 0% used [0x00000000d8100000,0x00000000d8100000,0x00000000d8600000)
 ParOldGen       total 69632K, used 8990K [0x0000000082200000, 0x0000000086600000, 0x00000000d6100000)
  object space 69632K, 12% used [0x0000000082200000,0x0000000082ac7b68,0x0000000086600000)
 Metaspace       used 23710K, capacity 24890K, committed 25216K, reserved 1071104K
  class space    used 3353K, capacity 3638K, committed 3712K, reserved 1048576K
Event: 1.999 GC heap after
Heap after GC invocations=4 (full 1):
 PSYoungGen      total 37888K, used 5107K [0x00000000d6100000, 0x00000000d9400000, 0x0000000100000000)
  eden space 32768K, 0% used [0x00000000d6100000,0x00000000d6100000,0x00000000d8100000)
  from space 5120K, 99% used [0x00000000d8100000,0x00000000d85fcfc0,0x00000000d8600000)
  to   space 5120K, 0% used [0x00000000d8f00000,0x00000000d8f00000,0x00000000d9400000)
 ParOldGen       total 69632K, used 11304K [0x0000000082200000, 0x0000000086600000, 0x00000000d6100000)
  object space 69632K, 16% used [0x0000000082200000,0x0000000082d0a260,0x0000000086600000)
 Metaspace       used 23710K, capacity 24890K, committed 25216K, reserved 1071104K
  class space    used 3353K, capacity 3638K, committed 3712K, reserved 1048576K
}
Event: 2.257 GC heap before
{Heap before GC invocations=5 (full 1):
 PSYoungGen      total 37888K, used 37875K [0x00000000d6100000, 0x00000000d9400000, 0x0000000100000000)
  eden space 32768K, 100% used [0x00000000d6100000,0x00000000d8100000,0x00000000d8100000)
  from space 5120K, 99% used [0x00000000d8100000,0x00000000d85fcfc0,0x00000000d8600000)
  to   space 5120K, 0% used [0x00000000d8f00000,0x00000000d8f00000,0x00000000d9400000)
 ParOldGen       total 69632K, used 11304K [0x0000000082200000, 0x0000000086600000, 0x00000000d6100000)
  object space 69632K, 16% used [0x0000000082200000,0x0000000082d0a278,0x0000000086600000)
 Metaspace       used 23931K, capacity 25214K, committed 25472K, reserved 1071104K
  class space    used 3355K, capacity 3638K, committed 3712K, reserved 1048576K
Event: 2.263 GC heap after
Heap after GC invocations=5 (full 1):
 PSYoungGen      total 47104K, used 5091K [0x00000000d6100000, 0x00000000d9600000, 0x0000000100000000)
  eden space 41984K, 0% used [0x00000000d6100000,0x00000000d6100000,0x00000000d8a00000)
  from space 5120K, 99% used [0x00000000d8f00000,0x00000000d93f8ff0,0x00000000d9400000)
  to   space 5120K, 0% used [0x00000000d8a00000,0x00000000d8a00000,0x00000000d8f00000)
 ParOldGen       total 69632K, used 16956K [0x0000000082200000, 0x0000000086600000, 0x00000000d6100000)
  object space 69632K, 24% used [0x0000000082200000,0x000000008328f3d0,0x0000000086600000)
 Metaspace       used 23931K, capacity 25214K, committed 25472K, reserved 1071104K
  class space    used 3355K, capacity 3638K, committed 3712K, reserved 1048576K
}
Event: 2.794 GC heap before
{Heap before GC invocations=6 (full 1):
 PSYoungGen      total 47104K, used 47075K [0x00000000d6100000, 0x00000000d9600000, 0x0000000100000000)
  eden space 41984K, 100% used [0x00000000d6100000,0x00000000d8a00000,0x00000000d8a00000)
  from space 5120K, 99% used [0x00000000d8f00000,0x00000000d93f8ff0,0x00000000d9400000)
  to   space 5120K, 0% used [0x00000000d8a00000,0x00000000d8a00000,0x00000000d8f00000)
 ParOldGen       total 69632K, used 16959K [0x0000000082200000, 0x0000000086600000, 0x00000000d6100000)
  object space 69632K, 24% used [0x0000000082200000,0x000000008328fd08,0x0000000086600000)
 Metaspace       used 26530K, capacity 28166K, committed 28416K, reserved 1073152K
  class space    used 3726K, capacity 4056K, committed 4096K, reserved 1048576K
Event: 2.800 GC heap after
Heap after GC invocations=6 (full 1):
 PSYoungGen      total 47104K, used 5118K [0x00000000d6100000, 0x00000000db200000, 0x0000000100000000)
  eden space 41984K, 0% used [0x00000000d6100000,0x00000000d6100000,0x00000000d8a00000)
  from space 5120K, 99% used [0x00000000d8a00000,0x00000000d8effb68,0x00000000d8f00000)
  to   space 13312K, 0% used [0x00000000da500000,0x00000000da500000,0x00000000db200000)
 ParOldGen       total 69632K, used 22985K [0x0000000082200000, 0x0000000086600000, 0x00000000d6100000)
  object space 69632K, 33% used [0x0000000082200000,0x0000000083872490,0x0000000086600000)
 Metaspace       used 26530K, capacity 28166K, committed 28416K, reserved 1073152K
  class space    used 3726K, capacity 4056K, committed 4096K, reserved 1048576K
}

