# JRE version: Java(TM) SE Runtime Environment (8.0_181-b13) (build 1.8.0_181-b13)
# Java VM: Java HotSpot(TM) 64-Bit Server VM (25.181-b13 mixed mode windows-amd64 compressed oops)
Heap:
 PSYoungGen      total 145408K, used 93888K [0x00000000d6100000, 0x00000000dfb00000, 0x0000000100000000)
  eden space 139264K, 64% used [0x00000000d6100000,0x00000000db8e21d0,0x00000000de900000)
  from space 6144K, 63% used [0x00000000df500000,0x00000000df8cde38,0x00000000dfb00000)
  to   space 9216K, 0% used [0x00000000de900000,0x00000000de900000,0x00000000df200000)
 ParOldGen       total 65024K, used 21182K [0x0000000082200000, 0x0000000086180000, 0x00000000d6100000)
  object space 65024K, 32% used [0x0000000082200000,0x00000000836afa88,0x0000000086180000)
 Metaspace       used 25073K, capacity 26378K, committed 26624K, reserved 1073152K
  class space    used 3468K, capacity 3730K, committed 3840K, reserved 1048576K
GC Heap History (10 events):
Event: 1.312 GC heap before
{Heap before GC invocations=5 (full 1):
 PSYoungGen      total 37888K, used 37852K [0x00000000d6100000, 0x00000000d9680000, 0x0000000100000000)
  eden space 32768K, 99% used [0x00000000d6100000,0x00000000d80f8338,0x00000000d8100000)
  from space 5120K, 99% used [0x00000000d8100000,0x00000000d85ff068,0x00000000d8600000)
  to   space 5120K, 0% used [0x00000000d9180000,0x00000000d9180000,0x00000000d9680000)
 ParOldGen       total 65024K, used 10132K [0x0000000082200000, 0x0000000086180000, 0x00000000d6100000)
  object space 65024K, 15% used [0x0000000082200000,0x0000000082be53f8,0x0000000086180000)
 Metaspace       used 22676K, capacity 23814K, committed 24064K, reserved 1069056K
  class space    used 3252K, capacity 3487K, committed 3584K, reserved 1048576K
Event: 1.315 GC heap after
Heap after GC invocations=5 (full 1):
 PSYoungGen      total 49664K, used 5055K [0x00000000d6100000, 0x00000000da180000, 0x0000000100000000)
  eden space 44544K, 0% used [0x00000000d6100000,0x00000000d6100000,0x00000000d8c80000)
  from space 5120K, 98% used [0x00000000d9180000,0x00000000d966fd78,0x00000000d9680000)
  to   space 5120K, 0% used [0x00000000d8c80000,0x00000000d8c80000,0x00000000d9180000)
 ParOldGen       total 65024K, used 12189K [0x0000000082200000, 0x0000000086180000, 0x00000000d6100000)
  object space 65024K, 18% used [0x0000000082200000,0x0000000082de7408,0x0000000086180000)
 Metaspace       used 22676K, capacity 23814K, committed 24064K, reserved 1069056K
  class space    used 3252K, capacity 3487K, committed 3584K, reserved 1048576K
}
Event: 1.327 GC heap before
{Heap before GC invocations=6 (full 1):
 PSYoungGen      total 49664K, used 49495K [0x00000000d6100000, 0x00000000da180000, 0x0000000100000000)
  eden space 44544K, 99% used [0x00000000d6100000,0x00000000d8c65f20,0x00000000d8c80000)
  from space 5120K, 98% used [0x00000000d9180000,0x00000000d966fd78,0x00000000d9680000)
  to   space 5120K, 0% used [0x00000000d8c80000,0x00000000d8c80000,0x00000000d9180000)
 ParOldGen       total 65024K, used 12189K [0x0000000082200000, 0x0000000086180000, 0x00000000d6100000)
  object space 65024K, 18% used [0x0000000082200000,0x0000000082de7408,0x0000000086180000)
 Metaspace       used 22676K, capacity 23814K, committed 24064K, reserved 1069056K
  class space    used 3252K, capacity 3487K, committed 3584K, reserved 1048576K
Event: 1.330 GC heap after
Heap after GC invocations=6 (full 1):
 PSYoungGen      total 49664K, used 5112K [0x00000000d6100000, 0x00000000dbf00000, 0x0000000100000000)
  eden space 44544K, 0% used [0x00000000d6100000,0x00000000d6100000,0x00000000d8c80000)
  from space 5120K, 99% used [0x00000000d8c80000,0x00000000d917e378,0x00000000d9180000)
  to   space 8704K, 0% used [0x00000000db680000,0x00000000db680000,0x00000000dbf00000)
 ParOldGen       total 65024K, used 14245K [0x0000000082200000, 0x0000000086180000, 0x00000000d6100000)
  object space 65024K, 21% used [0x0000000082200000,0x0000000082fe9418,0x0000000086180000)
 Metaspace       used 22676K, capacity 23814K, committed 24064K, reserved 1069056K
  class space    used 3252K, capacity 3487K, committed 3584K, reserved 1048576K
}
Event: 1.341 GC heap before
{Heap before GC invocations=7 (full 1):
 PSYoungGen      total 49664K, used 49594K [0x00000000d6100000, 0x00000000dbf00000, 0x0000000100000000)
  eden space 44544K, 99% used [0x00000000d6100000,0x00000000d8c70570,0x00000000d8c80000)
  from space 5120K, 99% used [0x00000000d8c80000,0x00000000d917e378,0x00000000d9180000)
  to   space 8704K, 0% used [0x00000000db680000,0x00000000db680000,0x00000000dbf00000)
 ParOldGen       total 65024K, used 14245K [0x0000000082200000, 0x0000000086180000, 0x00000000d6100000)
  object space 65024K, 21% used [0x0000000082200000,0x0000000082fe9418,0x0000000086180000)
 Metaspace       used 22676K, capacity 23814K, committed 24064K, reserved 1069056K
  class space    used 3252K, capacity 3487K, committed 3584K, reserved 1048576K
Event: 1.344 GC heap after
Heap after GC invocations=7 (full 1):
 PSYoungGen      total 87040K, used 7219K [0x00000000d6100000, 0x00000000dc200000, 0x0000000100000000)
  eden space 78336K, 0% used [0x00000000d6100000,0x00000000d6100000,0x00000000dad80000)
  from space 8704K, 82% used [0x00000000db680000,0x00000000dbd8ceb8,0x00000000dbf00000)
  to   space 9216K, 0% used [0x00000000dad80000,0x00000000dad80000,0x00000000db680000)
 ParOldGen       total 65024K, used 14245K [0x0000000082200000, 0x0000000086180000, 0x00000000d6100000)
  object space 65024K, 21% used [0x0000000082200000,0x0000000082fe9418,0x0000000086180000)
 Metaspace       used 22676K, capacity 23814K, committed 24064K, reserved 1069056K
  class space    used 3252K, capacity 3487K, committed 3584K, reserved 1048576K
}
Event: 1.366 GC heap before
{Heap before GC invocations=8 (full 1):
 PSYoungGen      total 87040K, used 85441K [0x00000000d6100000, 0x00000000dc200000, 0x0000000100000000)
  eden space 78336K, 99% used [0x00000000d6100000,0x00000000dad63720,0x00000000dad80000)
  from space 8704K, 82% used [0x00000000db680000,0x00000000dbd8ceb8,0x00000000dbf00000)
  to   space 9216K, 0% used [0x00000000dad80000,0x00000000dad80000,0x00000000db680000)
 ParOldGen       total 65024K, used 14245K [0x0000000082200000, 0x0000000086180000, 0x00000000d6100000)
  object space 65024K, 21% used [0x0000000082200000,0x0000000082fe9418,0x0000000086180000)
 Metaspace       used 22677K, capacity 23814K, committed 24064K, reserved 1069056K
  class space    used 3252K, capacity 3487K, committed 3584K, reserved 1048576K
Event: 1.370 GC heap after
Heap after GC invocations=8 (full 1):
 PSYoungGen      total 87552K, used 7235K [0x00000000d6100000, 0x00000000dfe00000, 0x0000000100000000)
  eden space 78336K, 0% used [0x00000000d6100000,0x00000000d6100000,0x00000000dad80000)
  from space 9216K, 78% used [0x00000000dad80000,0x00000000db490da8,0x00000000db680000)
  to   space 9216K, 0% used [0x00000000df500000,0x00000000df500000,0x00000000dfe00000)
 ParOldGen       total 65024K, used 14245K [0x0000000082200000, 0x0000000086180000, 0x00000000d6100000)
  object space 65024K, 21% used [0x0000000082200000,0x0000000082fe9418,0x0000000086180000)
 Metaspace       used 22677K, capacity 23814K, committed 24064K, reserved 1069056K
  class space    used 3252K, capacity 3487K, committed 3584K, reserved 1048576K
}
Event: 2.114 GC heap before
{Heap before GC invocations=9 (full 1):
 PSYoungGen      total 87552K, used 85571K [0x00000000d6100000, 0x00000000dfe00000, 0x0000000100000000)
  eden space 78336K, 100% used [0x00000000d6100000,0x00000000dad80000,0x00000000dad80000)
  from space 9216K, 78% used [0x00000000dad80000,0x00000000db490da8,0x00000000db680000)
  to   space 9216K, 0% used [0x00000000df500000,0x00000000df500000,0x00000000dfe00000)
 ParOldGen       total 65024K, used 14245K [0x0000000082200000, 0x0000000086180000, 0x00000000d6100000)
  object space 65024K, 21% used [0x0000000082200000,0x0000000082fe9418,0x0000000086180000)
 Metaspace       used 23694K, capacity 24876K, committed 25216K, reserved 1071104K
  class space    used 3348K, capacity 3598K, committed 3712K, reserved 1048576K
Event: 2.120 GC heap after
Heap after GC invocations=9 (full 1):
 PSYoungGen      total 145408K, used 3895K [0x00000000d6100000, 0x00000000dfb00000, 0x0000000100000000)
  eden space 139264K, 0% used [0x00000000d6100000,0x00000000d6100000,0x00000000de900000)
  from space 6144K, 63% used [0x00000000df500000,0x00000000df8cde38,0x00000000dfb00000)
  to   space 9216K, 0% used [0x00000000de900000,0x00000000de900000,0x00000000df200000)
 ParOldGen       total 65024K, used 21182K [0x0000000082200000, 0x0000000086180000, 0x00000000d6100000)
  object space 65024K, 32% used [0x0000000082200000,0x00000000836afa88,0x0000000086180000)
 Metaspace       used 23694K, capacity 24876K, committed 25216K, reserved 1071104K
  class space    used 3348K, capacity 3598K, committed 3712K, reserved 1048576K
}

