# JRE version: Java(TM) SE Runtime Environment (8.0_181-b13) (build 1.8.0_181-b13)
# Java VM: Java HotSpot(TM) 64-Bit Server VM (25.181-b13 mixed mode windows-amd64 compressed oops)
Heap:
 PSYoungGen      total 141824K, used 135637K [0x00000000d6100000, 0x00000000df780000, 0x0000000100000000)
  eden space 135168K, 95% used [0x00000000d6100000,0x00000000ddf6e3f8,0x00000000de500000)
  from space 6656K, 92% used [0x00000000df100000,0x00000000df707208,0x00000000df780000)
  to   space 8192K, 0% used [0x00000000de780000,0x00000000de780000,0x00000000def80000)
 ParOldGen       total 58880K, used 12851K [0x0000000082200000, 0x0000000085b80000, 0x00000000d6100000)
  object space 58880K, 21% used [0x0000000082200000,0x0000000082e8cc90,0x0000000085b80000)
 Metaspace       used 24156K, capacity 25158K, committed 25216K, reserved 1071104K
  class space    used 3211K, capacity 3451K, committed 3456K, reserved 1048576K
GC Heap History (10 events):
Event: 1.597 GC heap before
{Heap before GC invocations=5 (full 1):
 PSYoungGen      total 37888K, used 37839K [0x00000000d6100000, 0x00000000d9800000, 0x0000000100000000)
  eden space 32768K, 99% used [0x00000000d6100000,0x00000000d80f8360,0x00000000d8100000)
  from space 5120K, 99% used [0x00000000d8100000,0x00000000d85fbc90,0x00000000d8600000)
  to   space 5120K, 0% used [0x00000000d9300000,0x00000000d9300000,0x00000000d9800000)
 ParOldGen       total 58880K, used 6879K [0x0000000082200000, 0x0000000085b80000, 0x00000000d6100000)
  object space 58880K, 11% used [0x0000000082200000,0x00000000828b7dd8,0x0000000085b80000)
 Metaspace       used 21831K, capacity 22692K, committed 22784K, reserved 1069056K
  class space    used 3092K, capacity 3292K, committed 3328K, reserved 1048576K
Event: 1.599 GC heap after
Heap after GC invocations=5 (full 1):
 PSYoungGen      total 51200K, used 4093K [0x00000000d6100000, 0x00000000da100000, 0x0000000100000000)
  eden space 46080K, 0% used [0x00000000d6100000,0x00000000d6100000,0x00000000d8e00000)
  from space 5120K, 79% used [0x00000000d9300000,0x00000000d96ff710,0x00000000d9800000)
  to   space 5120K, 0% used [0x00000000d8e00000,0x00000000d8e00000,0x00000000d9300000)
 ParOldGen       total 58880K, used 8935K [0x0000000082200000, 0x0000000085b80000, 0x00000000d6100000)
  object space 58880K, 15% used [0x0000000082200000,0x0000000082ab9de8,0x0000000085b80000)
 Metaspace       used 21831K, capacity 22692K, committed 22784K, reserved 1069056K
  class space    used 3092K, capacity 3292K, committed 3328K, reserved 1048576K
}
Event: 1.611 GC heap before
{Heap before GC invocations=6 (full 1):
 PSYoungGen      total 51200K, used 50167K [0x00000000d6100000, 0x00000000da100000, 0x0000000100000000)
  eden space 46080K, 99% used [0x00000000d6100000,0x00000000d8dfe668,0x00000000d8e00000)
  from space 5120K, 79% used [0x00000000d9300000,0x00000000d96ff710,0x00000000d9800000)
  to   space 5120K, 0% used [0x00000000d8e00000,0x00000000d8e00000,0x00000000d9300000)
 ParOldGen       total 58880K, used 8935K [0x0000000082200000, 0x0000000085b80000, 0x00000000d6100000)
  object space 58880K, 15% used [0x0000000082200000,0x0000000082ab9de8,0x0000000085b80000)
 Metaspace       used 21839K, capacity 22692K, committed 22784K, reserved 1069056K
  class space    used 3092K, capacity 3292K, committed 3328K, reserved 1048576K
Event: 1.614 GC heap after
Heap after GC invocations=6 (full 1):
 PSYoungGen      total 51200K, used 4108K [0x00000000d6100000, 0x00000000dbe80000, 0x0000000100000000)
  eden space 46080K, 0% used [0x00000000d6100000,0x00000000d6100000,0x00000000d8e00000)
  from space 5120K, 80% used [0x00000000d8e00000,0x00000000d9203398,0x00000000d9300000)
  to   space 7680K, 0% used [0x00000000db700000,0x00000000db700000,0x00000000dbe80000)
 ParOldGen       total 58880K, used 10983K [0x0000000082200000, 0x0000000085b80000, 0x00000000d6100000)
  object space 58880K, 18% used [0x0000000082200000,0x0000000082cb9df8,0x0000000085b80000)
 Metaspace       used 21839K, capacity 22692K, committed 22784K, reserved 1069056K
  class space    used 3092K, capacity 3292K, committed 3328K, reserved 1048576K
}
Event: 1.622 GC heap before
{Heap before GC invocations=7 (full 1):
 PSYoungGen      total 51200K, used 50127K [0x00000000d6100000, 0x00000000dbe80000, 0x0000000100000000)
  eden space 46080K, 99% used [0x00000000d6100000,0x00000000d8df0a50,0x00000000d8e00000)
  from space 5120K, 80% used [0x00000000d8e00000,0x00000000d9203398,0x00000000d9300000)
  to   space 7680K, 0% used [0x00000000db700000,0x00000000db700000,0x00000000dbe80000)
 ParOldGen       total 58880K, used 10983K [0x0000000082200000, 0x0000000085b80000, 0x00000000d6100000)
  object space 58880K, 18% used [0x0000000082200000,0x0000000082cb9df8,0x0000000085b80000)
 Metaspace       used 21839K, capacity 22692K, committed 22784K, reserved 1069056K
  class space    used 3092K, capacity 3292K, committed 3328K, reserved 1048576K
Event: 1.624 GC heap after
Heap after GC invocations=7 (full 1):
 PSYoungGen      total 88064K, used 2197K [0x00000000d6100000, 0x00000000dbf80000, 0x0000000100000000)
  eden space 80384K, 0% used [0x00000000d6100000,0x00000000d6100000,0x00000000daf80000)
  from space 7680K, 28% used [0x00000000db700000,0x00000000db925660,0x00000000dbe80000)
  to   space 7680K, 0% used [0x00000000daf80000,0x00000000daf80000,0x00000000db700000)
 ParOldGen       total 58880K, used 10983K [0x0000000082200000, 0x0000000085b80000, 0x00000000d6100000)
  object space 58880K, 18% used [0x0000000082200000,0x0000000082cb9df8,0x0000000085b80000)
 Metaspace       used 21839K, capacity 22692K, committed 22784K, reserved 1069056K
  class space    used 3092K, capacity 3292K, committed 3328K, reserved 1048576K
}
Event: 1.645 GC heap before
{Heap before GC invocations=8 (full 1):
 PSYoungGen      total 88064K, used 82515K [0x00000000d6100000, 0x00000000dbf80000, 0x0000000100000000)
  eden space 80384K, 99% used [0x00000000d6100000,0x00000000daf6f7d0,0x00000000daf80000)
  from space 7680K, 28% used [0x00000000db700000,0x00000000db925660,0x00000000dbe80000)
  to   space 7680K, 0% used [0x00000000daf80000,0x00000000daf80000,0x00000000db700000)
 ParOldGen       total 58880K, used 10983K [0x0000000082200000, 0x0000000085b80000, 0x00000000d6100000)
  object space 58880K, 18% used [0x0000000082200000,0x0000000082cb9df8,0x0000000085b80000)
 Metaspace       used 21839K, capacity 22692K, committed 22784K, reserved 1069056K
  class space    used 3092K, capacity 3292K, committed 3328K, reserved 1048576K
Event: 1.646 GC heap after
Heap after GC invocations=8 (full 1):
 PSYoungGen      total 88064K, used 2232K [0x00000000d6100000, 0x00000000df880000, 0x0000000100000000)
  eden space 80384K, 0% used [0x00000000d6100000,0x00000000d6100000,0x00000000daf80000)
  from space 7680K, 29% used [0x00000000daf80000,0x00000000db1ae300,0x00000000db700000)
  to   space 7680K, 0% used [0x00000000df100000,0x00000000df100000,0x00000000df880000)
 ParOldGen       total 58880K, used 10983K [0x0000000082200000, 0x0000000085b80000, 0x00000000d6100000)
  object space 58880K, 18% used [0x0000000082200000,0x0000000082cb9df8,0x0000000085b80000)
 Metaspace       used 21839K, capacity 22692K, committed 22784K, reserved 1069056K
  class space    used 3092K, capacity 3292K, committed 3328K, reserved 1048576K
}
Event: 3.259 GC heap before
{Heap before GC invocations=9 (full 1):
 PSYoungGen      total 88064K, used 82497K [0x00000000d6100000, 0x00000000df880000, 0x0000000100000000)
  eden space 80384K, 99% used [0x00000000d6100000,0x00000000daf62128,0x00000000daf80000)
  from space 7680K, 29% used [0x00000000daf80000,0x00000000db1ae300,0x00000000db700000)
  to   space 7680K, 0% used [0x00000000df100000,0x00000000df100000,0x00000000df880000)
 ParOldGen       total 58880K, used 10983K [0x0000000082200000, 0x0000000085b80000, 0x00000000d6100000)
  object space 58880K, 18% used [0x0000000082200000,0x0000000082cb9df8,0x0000000085b80000)
 Metaspace       used 23226K, capacity 24182K, committed 24448K, reserved 1071104K
  class space    used 3199K, capacity 3437K, committed 3456K, reserved 1048576K
Event: 3.262 GC heap after
Heap after GC invocations=9 (full 1):
 PSYoungGen      total 141824K, used 6172K [0x00000000d6100000, 0x00000000df780000, 0x0000000100000000)
  eden space 135168K, 0% used [0x00000000d6100000,0x00000000d6100000,0x00000000de500000)
  from space 6656K, 92% used [0x00000000df100000,0x00000000df707208,0x00000000df780000)
  to   space 8192K, 0% used [0x00000000de780000,0x00000000de780000,0x00000000def80000)
 ParOldGen       total 58880K, used 12851K [0x0000000082200000, 0x0000000085b80000, 0x00000000d6100000)
  object space 58880K, 21% used [0x0000000082200000,0x0000000082e8cc90,0x0000000085b80000)
 Metaspace       used 23226K, capacity 24182K, committed 24448K, reserved 1071104K
  class space    used 3199K, capacity 3437K, committed 3456K, reserved 1048576K
}

