# JRE version: Java(TM) SE Runtime Environment (8.0_191-b12) (build 1.8.0_191-b12)
# Java VM: Java HotSpot(TM) 64-Bit Server VM (25.191-b12 mixed mode windows-amd64 compressed oops)
Heap:
 PSYoungGen      total 37888K, used 20088K [0x00000000d6100000, 0x00000000dab00000, 0x0000000100000000)
  eden space 32768K, 61% used [0x00000000d6100000,0x00000000d749e178,0x00000000d8100000)
  from space 5120K, 0% used [0x00000000d8600000,0x00000000d8600000,0x00000000d8b00000)
  to   space 5120K, 0% used [0x00000000d8100000,0x00000000d8100000,0x00000000d8600000)
 ParOldGen       total 70144K, used 9002K [0x0000000082200000, 0x0000000086680000, 0x00000000d6100000)
  object space 70144K, 12% used [0x0000000082200000,0x0000000082acab08,0x0000000086680000)
 Metaspace       used 23116K, capacity 24452K, committed 24704K, reserved 1071104K
  class space    used 3318K, capacity 3598K, committed 3712K, reserved 1048576K
GC Heap History (6 events):
Event: 0.845 GC heap before
{Heap before GC invocations=1 (full 0):
 PSYoungGen      total 37888K, used 32768K [0x00000000d6100000, 0x00000000d8b00000, 0x0000000100000000)
  eden space 32768K, 100% used [0x00000000d6100000,0x00000000d8100000,0x00000000d8100000)
  from space 5120K, 0% used [0x00000000d8600000,0x00000000d8600000,0x00000000d8b00000)
  to   space 5120K, 0% used [0x00000000d8100000,0x00000000d8100000,0x00000000d8600000)
 ParOldGen       total 86016K, used 0K [0x0000000082200000, 0x0000000087600000, 0x00000000d6100000)
  object space 86016K, 0% used [0x0000000082200000,0x0000000082200000,0x0000000087600000)
 Metaspace       used 13886K, capacity 14448K, committed 14592K, reserved 1062912K
  class space    used 1859K, capacity 2024K, committed 2048K, reserved 1048576K
Event: 0.849 GC heap after
Heap after GC invocations=1 (full 0):
 PSYoungGen      total 37888K, used 4892K [0x00000000d6100000, 0x00000000d8b00000, 0x0000000100000000)
  eden space 32768K, 0% used [0x00000000d6100000,0x00000000d6100000,0x00000000d8100000)
  from space 5120K, 95% used [0x00000000d8100000,0x00000000d85c7328,0x00000000d8600000)
  to   space 5120K, 0% used [0x00000000d8600000,0x00000000d8600000,0x00000000d8b00000)
 ParOldGen       total 86016K, used 16K [0x0000000082200000, 0x0000000087600000, 0x00000000d6100000)
  object space 86016K, 0% used [0x0000000082200000,0x0000000082204000,0x0000000087600000)
 Metaspace       used 13886K, capacity 14448K, committed 14592K, reserved 1062912K
  class space    used 1859K, capacity 2024K, committed 2048K, reserved 1048576K
}
Event: 1.263 GC heap before
{Heap before GC invocations=2 (full 0):
 PSYoungGen      total 37888K, used 33978K [0x00000000d6100000, 0x00000000d8b00000, 0x0000000100000000)
  eden space 32768K, 88% used [0x00000000d6100000,0x00000000d7d67880,0x00000000d8100000)
  from space 5120K, 95% used [0x00000000d8100000,0x00000000d85c7328,0x00000000d8600000)
  to   space 5120K, 0% used [0x00000000d8600000,0x00000000d8600000,0x00000000d8b00000)
 ParOldGen       total 86016K, used 16K [0x0000000082200000, 0x0000000087600000, 0x00000000d6100000)
  object space 86016K, 0% used [0x0000000082200000,0x0000000082204000,0x0000000087600000)
 Metaspace       used 20271K, capacity 21188K, committed 21248K, reserved 1067008K
  class space    used 2821K, capacity 3050K, committed 3072K, reserved 1048576K
Event: 1.270 GC heap after
Heap after GC invocations=2 (full 0):
 PSYoungGen      total 37888K, used 5113K [0x00000000d6100000, 0x00000000dab00000, 0x0000000100000000)
  eden space 32768K, 0% used [0x00000000d6100000,0x00000000d6100000,0x00000000d8100000)
  from space 5120K, 99% used [0x00000000d8600000,0x00000000d8afe568,0x00000000d8b00000)
  to   space 5120K, 0% used [0x00000000d8100000,0x00000000d8100000,0x00000000d8600000)
 ParOldGen       total 86016K, used 4109K [0x0000000082200000, 0x0000000087600000, 0x00000000d6100000)
  object space 86016K, 4% used [0x0000000082200000,0x0000000082603748,0x0000000087600000)
 Metaspace       used 20271K, capacity 21188K, committed 21248K, reserved 1067008K
  class space    used 2821K, capacity 3050K, committed 3072K, reserved 1048576K
}
Event: 1.270 GC heap before
{Heap before GC invocations=3 (full 1):
 PSYoungGen      total 37888K, used 5113K [0x00000000d6100000, 0x00000000dab00000, 0x0000000100000000)
  eden space 32768K, 0% used [0x00000000d6100000,0x00000000d6100000,0x00000000d8100000)
  from space 5120K, 99% used [0x00000000d8600000,0x00000000d8afe568,0x00000000d8b00000)
  to   space 5120K, 0% used [0x00000000d8100000,0x00000000d8100000,0x00000000d8600000)
 ParOldGen       total 86016K, used 4109K [0x0000000082200000, 0x0000000087600000, 0x00000000d6100000)
  object space 86016K, 4% used [0x0000000082200000,0x0000000082603748,0x0000000087600000)
 Metaspace       used 20271K, capacity 21188K, committed 21248K, reserved 1067008K
  class space    used 2821K, capacity 3050K, committed 3072K, reserved 1048576K
Event: 1.303 GC heap after
Heap after GC invocations=3 (full 1):
 PSYoungGen      total 37888K, used 0K [0x00000000d6100000, 0x00000000dab00000, 0x0000000100000000)
  eden space 32768K, 0% used [0x00000000d6100000,0x00000000d6100000,0x00000000d8100000)
  from space 5120K, 0% used [0x00000000d8600000,0x00000000d8600000,0x00000000d8b00000)
  to   space 5120K, 0% used [0x00000000d8100000,0x00000000d8100000,0x00000000d8600000)
 ParOldGen       total 70144K, used 9002K [0x0000000082200000, 0x0000000086680000, 0x00000000d6100000)
  object space 70144K, 12% used [0x0000000082200000,0x0000000082acab08,0x0000000086680000)
 Metaspace       used 20271K, capacity 21188K, committed 21248K, reserved 1067008K
  class space    used 2821K, capacity 3050K, committed 3072K, reserved 1048576K
}

