# JRE version: Java(TM) SE Runtime Environment (8.0_191-b12) (build 1.8.0_191-b12)
# Java VM: Java HotSpot(TM) 64-Bit Server VM (25.191-b12 mixed mode windows-amd64 compressed oops)
Heap:
 PSYoungGen      total 67584K, used 9007K [0x00000000d6100000, 0x00000000dcc00000, 0x0000000100000000)
  eden space 52736K, 17% used [0x00000000d6100000,0x00000000d69cbc08,0x00000000d9480000)
  from space 14848K, 0% used [0x00000000d9480000,0x00000000d9480000,0x00000000da300000)
  to   space 14336K, 0% used [0x00000000dbe00000,0x00000000dbe00000,0x00000000dcc00000)
 ParOldGen       total 66048K, used 29982K [0x0000000082200000, 0x0000000086280000, 0x00000000d6100000)
  object space 66048K, 45% used [0x0000000082200000,0x0000000083f478c0,0x0000000086280000)
 Metaspace       used 34124K, capacity 35908K, committed 36224K, reserved 1081344K
  class space    used 4844K, capacity 5197K, committed 5248K, reserved 1048576K
GC Heap History (10 events):
Event: 2.601 GC heap before
{Heap before GC invocations=5 (full 1):
 PSYoungGen      total 37888K, used 37886K [0x00000000d6100000, 0x00000000d9400000, 0x0000000100000000)
  eden space 32768K, 100% used [0x00000000d6100000,0x00000000d8100000,0x00000000d8100000)
  from space 5120K, 99% used [0x00000000d8100000,0x00000000d85ffa28,0x00000000d8600000)
  to   space 5120K, 0% used [0x00000000d8f00000,0x00000000d8f00000,0x00000000d9400000)
 ParOldGen       total 66048K, used 9953K [0x0000000082200000, 0x0000000086280000, 0x00000000d6100000)
  object space 66048K, 15% used [0x0000000082200000,0x0000000082bb8648,0x0000000086280000)
 Metaspace       used 26328K, capacity 27986K, committed 28160K, reserved 1073152K
  class space    used 3706K, capacity 4016K, committed 4096K, reserved 1048576K
Event: 2.607 GC heap after
Heap after GC invocations=5 (full 1):
 PSYoungGen      total 47104K, used 5117K [0x00000000d6100000, 0x00000000d9400000, 0x0000000100000000)
  eden space 41984K, 0% used [0x00000000d6100000,0x00000000d6100000,0x00000000d8a00000)
  from space 5120K, 99% used [0x00000000d8f00000,0x00000000d93ff5c0,0x00000000d9400000)
  to   space 5120K, 0% used [0x00000000d8a00000,0x00000000d8a00000,0x00000000d8f00000)
 ParOldGen       total 66048K, used 17406K [0x0000000082200000, 0x0000000086280000, 0x00000000d6100000)
  object space 66048K, 26% used [0x0000000082200000,0x00000000832ff8b0,0x0000000086280000)
 Metaspace       used 26328K, capacity 27986K, committed 28160K, reserved 1073152K
  class space    used 3706K, capacity 4016K, committed 4096K, reserved 1048576K
}
Event: 4.703 GC heap before
{Heap before GC invocations=6 (full 1):
 PSYoungGen      total 47104K, used 47101K [0x00000000d6100000, 0x00000000d9400000, 0x0000000100000000)
  eden space 41984K, 100% used [0x00000000d6100000,0x00000000d8a00000,0x00000000d8a00000)
  from space 5120K, 99% used [0x00000000d8f00000,0x00000000d93ff5c0,0x00000000d9400000)
  to   space 5120K, 0% used [0x00000000d8a00000,0x00000000d8a00000,0x00000000d8f00000)
 ParOldGen       total 66048K, used 19146K [0x0000000082200000, 0x0000000086280000, 0x00000000d6100000)
  object space 66048K, 28% used [0x0000000082200000,0x00000000834b2bc8,0x0000000086280000)
 Metaspace       used 27023K, capacity 28724K, committed 28928K, reserved 1075200K
  class space    used 3747K, capacity 4069K, committed 4096K, reserved 1048576K
Event: 4.708 GC heap after
Heap after GC invocations=6 (full 1):
 PSYoungGen      total 47104K, used 5114K [0x00000000d6100000, 0x00000000db200000, 0x0000000100000000)
  eden space 41984K, 0% used [0x00000000d6100000,0x00000000d6100000,0x00000000d8a00000)
  from space 5120K, 99% used [0x00000000d8a00000,0x00000000d8efebf8,0x00000000d8f00000)
  to   space 15360K, 0% used [0x00000000da300000,0x00000000da300000,0x00000000db200000)
 ParOldGen       total 66048K, used 26932K [0x0000000082200000, 0x0000000086280000, 0x00000000d6100000)
  object space 66048K, 40% used [0x0000000082200000,0x0000000083c4d248,0x0000000086280000)
 Metaspace       used 27023K, capacity 28724K, committed 28928K, reserved 1075200K
  class space    used 3747K, capacity 4069K, committed 4096K, reserved 1048576K
}
Event: 5.086 GC heap before
{Heap before GC invocations=7 (full 1):
 PSYoungGen      total 47104K, used 47098K [0x00000000d6100000, 0x00000000db200000, 0x0000000100000000)
  eden space 41984K, 100% used [0x00000000d6100000,0x00000000d8a00000,0x00000000d8a00000)
  from space 5120K, 99% used [0x00000000d8a00000,0x00000000d8efebf8,0x00000000d8f00000)
  to   space 15360K, 0% used [0x00000000da300000,0x00000000da300000,0x00000000db200000)
 ParOldGen       total 66048K, used 26932K [0x0000000082200000, 0x0000000086280000, 0x00000000d6100000)
  object space 66048K, 40% used [0x0000000082200000,0x0000000083c4d248,0x0000000086280000)
 Metaspace       used 32876K, capacity 34564K, committed 34688K, reserved 1079296K
  class space    used 4630K, capacity 4941K, committed 4992K, reserved 1048576K
Event: 5.091 GC heap after
Heap after GC invocations=7 (full 1):
 PSYoungGen      total 68096K, used 9778K [0x00000000d6100000, 0x00000000db200000, 0x0000000100000000)
  eden space 52736K, 0% used [0x00000000d6100000,0x00000000d6100000,0x00000000d9480000)
  from space 15360K, 63% used [0x00000000da300000,0x00000000dac8cbf8,0x00000000db200000)
  to   space 14848K, 0% used [0x00000000d9480000,0x00000000d9480000,0x00000000da300000)
 ParOldGen       total 66048K, used 26932K [0x0000000082200000, 0x0000000086280000, 0x00000000d6100000)
  object space 66048K, 40% used [0x0000000082200000,0x0000000083c4d248,0x0000000086280000)
 Metaspace       used 32876K, capacity 34564K, committed 34688K, reserved 1079296K
  class space    used 4630K, capacity 4941K, committed 4992K, reserved 1048576K
}
Event: 5.141 GC heap before
{Heap before GC invocations=8 (full 1):
 PSYoungGen      total 68096K, used 14381K [0x00000000d6100000, 0x00000000db200000, 0x0000000100000000)
  eden space 52736K, 8% used [0x00000000d6100000,0x00000000d657e988,0x00000000d9480000)
  from space 15360K, 63% used [0x00000000da300000,0x00000000dac8cbf8,0x00000000db200000)
  to   space 14848K, 0% used [0x00000000d9480000,0x00000000d9480000,0x00000000da300000)
 ParOldGen       total 66048K, used 26932K [0x0000000082200000, 0x0000000086280000, 0x00000000d6100000)
  object space 66048K, 40% used [0x0000000082200000,0x0000000083c4d248,0x0000000086280000)
 Metaspace       used 33557K, capacity 35300K, committed 35416K, reserved 1079296K
  class space    used 4767K, capacity 5101K, committed 5120K, reserved 1048576K
Event: 5.147 GC heap after
Heap after GC invocations=8 (full 1):
 PSYoungGen      total 67584K, used 7173K [0x00000000d6100000, 0x00000000dcc00000, 0x0000000100000000)
  eden space 52736K, 0% used [0x00000000d6100000,0x00000000d6100000,0x00000000d9480000)
  from space 14848K, 48% used [0x00000000d9480000,0x00000000d9b815a0,0x00000000da300000)
  to   space 14336K, 0% used [0x00000000dbe00000,0x00000000dbe00000,0x00000000dcc00000)
 ParOldGen       total 66048K, used 26940K [0x0000000082200000, 0x0000000086280000, 0x00000000d6100000)
  object space 66048K, 40% used [0x0000000082200000,0x0000000083c4f248,0x0000000086280000)
 Metaspace       used 33557K, capacity 35300K, committed 35416K, reserved 1079296K
  class space    used 4767K, capacity 5101K, committed 5120K, reserved 1048576K
}
Event: 5.147 GC heap before
{Heap before GC invocations=9 (full 2):
 PSYoungGen      total 67584K, used 7173K [0x00000000d6100000, 0x00000000dcc00000, 0x0000000100000000)
  eden space 52736K, 0% used [0x00000000d6100000,0x00000000d6100000,0x00000000d9480000)
  from space 14848K, 48% used [0x00000000d9480000,0x00000000d9b815a0,0x00000000da300000)
  to   space 14336K, 0% used [0x00000000dbe00000,0x00000000dbe00000,0x00000000dcc00000)
 ParOldGen       total 66048K, used 26940K [0x0000000082200000, 0x0000000086280000, 0x00000000d6100000)
  object space 66048K, 40% used [0x0000000082200000,0x0000000083c4f248,0x0000000086280000)
 Metaspace       used 33557K, capacity 35300K, committed 35416K, reserved 1079296K
  class space    used 4767K, capacity 5101K, committed 5120K, reserved 1048576K
Event: 5.229 GC heap after
Heap after GC invocations=9 (full 2):
 PSYoungGen      total 67584K, used 0K [0x00000000d6100000, 0x00000000dcc00000, 0x0000000100000000)
  eden space 52736K, 0% used [0x00000000d6100000,0x00000000d6100000,0x00000000d9480000)
  from space 14848K, 0% used [0x00000000d9480000,0x00000000d9480000,0x00000000da300000)
  to   space 14336K, 0% used [0x00000000dbe00000,0x00000000dbe00000,0x00000000dcc00000)
 ParOldGen       total 66048K, used 29982K [0x0000000082200000, 0x0000000086280000, 0x00000000d6100000)
  object space 66048K, 45% used [0x0000000082200000,0x0000000083f478c0,0x0000000086280000)
 Metaspace       used 33557K, capacity 35300K, committed 35416K, reserved 1079296K
  class space    used 4767K, capacity 5101K, committed 5120K, reserved 1048576K
}

