# JRE version: Java(TM) SE Runtime Environment (8.0_191-b12) (build 1.8.0_191-b12)
# Java VM: Java HotSpot(TM) 64-Bit Server VM (25.191-b12 mixed mode windows-amd64 compressed oops)
Heap:
 PSYoungGen      total 46592K, used 19579K [0x00000000d6100000, 0x00000000dbb00000, 0x0000000100000000)
  eden space 41472K, 34% used [0x00000000d6100000,0x00000000d6f1f4a8,0x00000000d8980000)
  from space 5120K, 99% used [0x00000000d8980000,0x00000000d8e7f7e0,0x00000000d8e80000)
  to   space 16384K, 0% used [0x00000000dab00000,0x00000000dab00000,0x00000000dbb00000)
 ParOldGen       total 68608K, used 26484K [0x0000000082200000, 0x0000000086500000, 0x00000000d6100000)
  object space 68608K, 38% used [0x0000000082200000,0x0000000083bdd3e8,0x0000000086500000)
 Metaspace       used 27386K, capacity 29234K, committed 29312K, reserved 1075200K
  class space    used 3875K, capacity 4224K, committed 4224K, reserved 1048576K
GC Heap History (10 events):
Event: 1.088 GC heap before
{Heap before GC invocations=2 (full 0):
 PSYoungGen      total 37888K, used 33011K [0x00000000d6100000, 0x00000000d8b00000, 0x0000000100000000)
  eden space 32768K, 85% used [0x00000000d6100000,0x00000000d7c3f148,0x00000000d8100000)
  from space 5120K, 99% used [0x00000000d8100000,0x00000000d85fdce0,0x00000000d8600000)
  to   space 5120K, 0% used [0x00000000d8600000,0x00000000d8600000,0x00000000d8b00000)
 ParOldGen       total 86016K, used 80K [0x0000000082200000, 0x0000000087600000, 0x00000000d6100000)
  object space 86016K, 0% used [0x0000000082200000,0x0000000082214010,0x0000000087600000)
 Metaspace       used 20217K, capacity 21240K, committed 21248K, reserved 1067008K
  class space    used 2835K, capacity 3069K, committed 3072K, reserved 1048576K
Event: 1.095 GC heap after
Heap after GC invocations=2 (full 0):
 PSYoungGen      total 37888K, used 5088K [0x00000000d6100000, 0x00000000dab00000, 0x0000000100000000)
  eden space 32768K, 0% used [0x00000000d6100000,0x00000000d6100000,0x00000000d8100000)
  from space 5120K, 99% used [0x00000000d8600000,0x00000000d8af8280,0x00000000d8b00000)
  to   space 5120K, 0% used [0x00000000d8100000,0x00000000d8100000,0x00000000d8600000)
 ParOldGen       total 86016K, used 3366K [0x0000000082200000, 0x0000000087600000, 0x00000000d6100000)
  object space 86016K, 3% used [0x0000000082200000,0x00000000825499d8,0x0000000087600000)
 Metaspace       used 20217K, capacity 21240K, committed 21248K, reserved 1067008K
  class space    used 2835K, capacity 3069K, committed 3072K, reserved 1048576K
}
Event: 1.095 GC heap before
{Heap before GC invocations=3 (full 1):
 PSYoungGen      total 37888K, used 5088K [0x00000000d6100000, 0x00000000dab00000, 0x0000000100000000)
  eden space 32768K, 0% used [0x00000000d6100000,0x00000000d6100000,0x00000000d8100000)
  from space 5120K, 99% used [0x00000000d8600000,0x00000000d8af8280,0x00000000d8b00000)
  to   space 5120K, 0% used [0x00000000d8100000,0x00000000d8100000,0x00000000d8600000)
 ParOldGen       total 86016K, used 3366K [0x0000000082200000, 0x0000000087600000, 0x00000000d6100000)
  object space 86016K, 3% used [0x0000000082200000,0x00000000825499d8,0x0000000087600000)
 Metaspace       used 20217K, capacity 21240K, committed 21248K, reserved 1067008K
  class space    used 2835K, capacity 3069K, committed 3072K, reserved 1048576K
Event: 1.126 GC heap after
Heap after GC invocations=3 (full 1):
 PSYoungGen      total 37888K, used 0K [0x00000000d6100000, 0x00000000dab00000, 0x0000000100000000)
  eden space 32768K, 0% used [0x00000000d6100000,0x00000000d6100000,0x00000000d8100000)
  from space 5120K, 0% used [0x00000000d8600000,0x00000000d8600000,0x00000000d8b00000)
  to   space 5120K, 0% used [0x00000000d8100000,0x00000000d8100000,0x00000000d8600000)
 ParOldGen       total 68608K, used 8284K [0x0000000082200000, 0x0000000086500000, 0x00000000d6100000)
  object space 68608K, 12% used [0x0000000082200000,0x0000000082a17080,0x0000000086500000)
 Metaspace       used 20217K, capacity 21240K, committed 21248K, reserved 1067008K
  class space    used 2835K, capacity 3069K, committed 3072K, reserved 1048576K
}
Event: 2.261 GC heap before
{Heap before GC invocations=4 (full 1):
 PSYoungGen      total 37888K, used 32768K [0x00000000d6100000, 0x00000000dab00000, 0x0000000100000000)
  eden space 32768K, 100% used [0x00000000d6100000,0x00000000d8100000,0x00000000d8100000)
  from space 5120K, 0% used [0x00000000d8600000,0x00000000d8600000,0x00000000d8b00000)
  to   space 5120K, 0% used [0x00000000d8100000,0x00000000d8100000,0x00000000d8600000)
 ParOldGen       total 68608K, used 8284K [0x0000000082200000, 0x0000000086500000, 0x00000000d6100000)
  object space 68608K, 12% used [0x0000000082200000,0x0000000082a17080,0x0000000086500000)
 Metaspace       used 24044K, capacity 25318K, committed 25472K, reserved 1071104K
  class space    used 3415K, capacity 3684K, committed 3712K, reserved 1048576K
Event: 2.266 GC heap after
Heap after GC invocations=4 (full 1):
 PSYoungGen      total 37888K, used 5094K [0x00000000d6100000, 0x00000000d9380000, 0x0000000100000000)
  eden space 32768K, 0% used [0x00000000d6100000,0x00000000d6100000,0x00000000d8100000)
  from space 5120K, 99% used [0x00000000d8100000,0x00000000d85f9b28,0x00000000d8600000)
  to   space 5120K, 0% used [0x00000000d8e80000,0x00000000d8e80000,0x00000000d9380000)
 ParOldGen       total 68608K, used 10823K [0x0000000082200000, 0x0000000086500000, 0x00000000d6100000)
  object space 68608K, 15% used [0x0000000082200000,0x0000000082c91fa0,0x0000000086500000)
 Metaspace       used 24044K, capacity 25318K, committed 25472K, reserved 1071104K
  class space    used 3415K, capacity 3684K, committed 3712K, reserved 1048576K
}
Event: 2.460 GC heap before
{Heap before GC invocations=5 (full 1):
 PSYoungGen      total 37888K, used 37862K [0x00000000d6100000, 0x00000000d9380000, 0x0000000100000000)
  eden space 32768K, 100% used [0x00000000d6100000,0x00000000d8100000,0x00000000d8100000)
  from space 5120K, 99% used [0x00000000d8100000,0x00000000d85f9b28,0x00000000d8600000)
  to   space 5120K, 0% used [0x00000000d8e80000,0x00000000d8e80000,0x00000000d9380000)
 ParOldGen       total 68608K, used 10823K [0x0000000082200000, 0x0000000086500000, 0x00000000d6100000)
  object space 68608K, 15% used [0x0000000082200000,0x0000000082c91fa0,0x0000000086500000)
 Metaspace       used 25656K, capacity 27076K, committed 27264K, reserved 1073152K
  class space    used 3637K, capacity 3909K, committed 3968K, reserved 1048576K
Event: 2.465 GC heap after
Heap after GC invocations=5 (full 1):
 PSYoungGen      total 46592K, used 5102K [0x00000000d6100000, 0x00000000d9600000, 0x0000000100000000)
  eden space 41472K, 0% used [0x00000000d6100000,0x00000000d6100000,0x00000000d8980000)
  from space 5120K, 99% used [0x00000000d8e80000,0x00000000d937bb78,0x00000000d9380000)
  to   space 5120K, 0% used [0x00000000d8980000,0x00000000d8980000,0x00000000d8e80000)
 ParOldGen       total 68608K, used 14938K [0x0000000082200000, 0x0000000086500000, 0x00000000d6100000)
  object space 68608K, 21% used [0x0000000082200000,0x0000000083096b68,0x0000000086500000)
 Metaspace       used 25656K, capacity 27076K, committed 27264K, reserved 1073152K
  class space    used 3637K, capacity 3909K, committed 3968K, reserved 1048576K
}
Event: 2.945 GC heap before
{Heap before GC invocations=6 (full 1):
 PSYoungGen      total 46592K, used 46574K [0x00000000d6100000, 0x00000000d9600000, 0x0000000100000000)
  eden space 41472K, 100% used [0x00000000d6100000,0x00000000d8980000,0x00000000d8980000)
  from space 5120K, 99% used [0x00000000d8e80000,0x00000000d937bb78,0x00000000d9380000)
  to   space 5120K, 0% used [0x00000000d8980000,0x00000000d8980000,0x00000000d8e80000)
 ParOldGen       total 68608K, used 14938K [0x0000000082200000, 0x0000000086500000, 0x00000000d6100000)
  object space 68608K, 21% used [0x0000000082200000,0x0000000083096b68,0x0000000086500000)
 Metaspace       used 27165K, capacity 29032K, committed 29312K, reserved 1075200K
  class space    used 3874K, capacity 4223K, committed 4224K, reserved 1048576K
Event: 2.966 GC heap after
Heap after GC invocations=6 (full 1):
 PSYoungGen      total 46592K, used 5117K [0x00000000d6100000, 0x00000000dbb00000, 0x0000000100000000)
  eden space 41472K, 0% used [0x00000000d6100000,0x00000000d6100000,0x00000000d8980000)
  from space 5120K, 99% used [0x00000000d8980000,0x00000000d8e7f7e0,0x00000000d8e80000)
  to   space 16384K, 0% used [0x00000000dab00000,0x00000000dab00000,0x00000000dbb00000)
 ParOldGen       total 68608K, used 26484K [0x0000000082200000, 0x0000000086500000, 0x00000000d6100000)
  object space 68608K, 38% used [0x0000000082200000,0x0000000083bdd3e8,0x0000000086500000)
 Metaspace       used 27165K, capacity 29032K, committed 29312K, reserved 1075200K
  class space    used 3874K, capacity 4223K, committed 4224K, reserved 1048576K
}

