# JRE version: Java(TM) SE Runtime Environment (8.0_181-b13) (build 1.8.0_181-b13)
# Java VM: Java HotSpot(TM) 64-Bit Server VM (25.181-b13 mixed mode windows-amd64 compressed oops)
Heap:
 PSYoungGen      total 151552K, used 79376K [0x00000000d6100000, 0x00000000e0500000, 0x0000000100000000)
  eden space 142336K, 51% used [0x00000000d6100000,0x00000000da859de8,0x00000000dec00000)
  from space 9216K, 68% used [0x00000000dfc00000,0x00000000e022a508,0x00000000e0500000)
  to   space 12800K, 0% used [0x00000000dec00000,0x00000000dec00000,0x00000000df880000)
 ParOldGen       total 70656K, used 10761K [0x0000000082200000, 0x0000000086700000, 0x00000000d6100000)
  object space 70656K, 15% used [0x0000000082200000,0x0000000082c82638,0x0000000086700000)
 Metaspace       used 23921K, capacity 24878K, committed 24960K, reserved 1071104K
  class space    used 3203K, capacity 3445K, committed 3456K, reserved 1048576K
GC Heap History (10 events):
Event: 1.539 GC heap before
{Heap before GC invocations=5 (full 1):
 PSYoungGen      total 37888K, used 34514K [0x00000000d6100000, 0x00000000d9700000, 0x0000000100000000)
  eden space 32768K, 99% used [0x00000000d6100000,0x00000000d80ea898,0x00000000d8100000)
  from space 5120K, 35% used [0x00000000d8100000,0x00000000d82c9f98,0x00000000d8600000)
  to   space 5120K, 0% used [0x00000000d9200000,0x00000000d9200000,0x00000000d9700000)
 ParOldGen       total 70656K, used 10096K [0x0000000082200000, 0x0000000086700000, 0x00000000d6100000)
  object space 70656K, 14% used [0x0000000082200000,0x0000000082bdc0e0,0x0000000086700000)
 Metaspace       used 21575K, capacity 22480K, committed 22528K, reserved 1069056K
  class space    used 3076K, capacity 3290K, committed 3328K, reserved 1048576K
Event: 1.542 GC heap after
Heap after GC invocations=5 (full 1):
 PSYoungGen      total 50176K, used 836K [0x00000000d6100000, 0x00000000da380000, 0x0000000100000000)
  eden space 45056K, 0% used [0x00000000d6100000,0x00000000d6100000,0x00000000d8d00000)
  from space 5120K, 16% used [0x00000000d9200000,0x00000000d92d12d0,0x00000000d9700000)
  to   space 5120K, 0% used [0x00000000d8d00000,0x00000000d8d00000,0x00000000d9200000)
 ParOldGen       total 70656K, used 10096K [0x0000000082200000, 0x0000000086700000, 0x00000000d6100000)
  object space 70656K, 14% used [0x0000000082200000,0x0000000082bdc0e0,0x0000000086700000)
 Metaspace       used 21575K, capacity 22480K, committed 22528K, reserved 1069056K
  class space    used 3076K, capacity 3290K, committed 3328K, reserved 1048576K
}
Event: 1.552 GC heap before
{Heap before GC invocations=6 (full 1):
 PSYoungGen      total 50176K, used 45838K [0x00000000d6100000, 0x00000000da380000, 0x0000000100000000)
  eden space 45056K, 99% used [0x00000000d6100000,0x00000000d8cf2840,0x00000000d8d00000)
  from space 5120K, 16% used [0x00000000d9200000,0x00000000d92d12d0,0x00000000d9700000)
  to   space 5120K, 0% used [0x00000000d8d00000,0x00000000d8d00000,0x00000000d9200000)
 ParOldGen       total 70656K, used 10096K [0x0000000082200000, 0x0000000086700000, 0x00000000d6100000)
  object space 70656K, 14% used [0x0000000082200000,0x0000000082bdc0e0,0x0000000086700000)
 Metaspace       used 21576K, capacity 22480K, committed 22528K, reserved 1069056K
  class space    used 3076K, capacity 3290K, committed 3328K, reserved 1048576K
Event: 1.554 GC heap after
Heap after GC invocations=6 (full 1):
 PSYoungGen      total 50176K, used 899K [0x00000000d6100000, 0x00000000dcc00000, 0x0000000100000000)
  eden space 45056K, 0% used [0x00000000d6100000,0x00000000d6100000,0x00000000d8d00000)
  from space 5120K, 17% used [0x00000000d8d00000,0x00000000d8de0e40,0x00000000d9200000)
  to   space 13824K, 0% used [0x00000000dbe80000,0x00000000dbe80000,0x00000000dcc00000)
 ParOldGen       total 70656K, used 10096K [0x0000000082200000, 0x0000000086700000, 0x00000000d6100000)
  object space 70656K, 14% used [0x0000000082200000,0x0000000082bdc0e0,0x0000000086700000)
 Metaspace       used 21576K, capacity 22480K, committed 22528K, reserved 1069056K
  class space    used 3076K, capacity 3290K, committed 3328K, reserved 1048576K
}
Event: 1.563 GC heap before
{Heap before GC invocations=7 (full 1):
 PSYoungGen      total 50176K, used 45832K [0x00000000d6100000, 0x00000000dcc00000, 0x0000000100000000)
  eden space 45056K, 99% used [0x00000000d6100000,0x00000000d8ce12d0,0x00000000d8d00000)
  from space 5120K, 17% used [0x00000000d8d00000,0x00000000d8de0e40,0x00000000d9200000)
  to   space 13824K, 0% used [0x00000000dbe80000,0x00000000dbe80000,0x00000000dcc00000)
 ParOldGen       total 70656K, used 10096K [0x0000000082200000, 0x0000000086700000, 0x00000000d6100000)
  object space 70656K, 14% used [0x0000000082200000,0x0000000082bdc0e0,0x0000000086700000)
 Metaspace       used 21577K, capacity 22480K, committed 22528K, reserved 1069056K
  class space    used 3076K, capacity 3290K, committed 3328K, reserved 1048576K
Event: 1.564 GC heap after
Heap after GC invocations=7 (full 1):
 PSYoungGen      total 93696K, used 923K [0x00000000d6100000, 0x00000000dca00000, 0x0000000100000000)
  eden space 81920K, 0% used [0x00000000d6100000,0x00000000d6100000,0x00000000db100000)
  from space 11776K, 7% used [0x00000000dbe80000,0x00000000dbf66de0,0x00000000dca00000)
  to   space 12800K, 0% used [0x00000000db100000,0x00000000db100000,0x00000000dbd80000)
 ParOldGen       total 70656K, used 10096K [0x0000000082200000, 0x0000000086700000, 0x00000000d6100000)
  object space 70656K, 14% used [0x0000000082200000,0x0000000082bdc0e0,0x0000000086700000)
 Metaspace       used 21577K, capacity 22480K, committed 22528K, reserved 1069056K
  class space    used 3076K, capacity 3290K, committed 3328K, reserved 1048576K
}
Event: 1.589 GC heap before
{Heap before GC invocations=8 (full 1):
 PSYoungGen      total 93696K, used 82706K [0x00000000d6100000, 0x00000000dca00000, 0x0000000100000000)
  eden space 81920K, 99% used [0x00000000d6100000,0x00000000db0ddad0,0x00000000db100000)
  from space 11776K, 7% used [0x00000000dbe80000,0x00000000dbf66de0,0x00000000dca00000)
  to   space 12800K, 0% used [0x00000000db100000,0x00000000db100000,0x00000000dbd80000)
 ParOldGen       total 70656K, used 10096K [0x0000000082200000, 0x0000000086700000, 0x00000000d6100000)
  object space 70656K, 14% used [0x0000000082200000,0x0000000082bdc0e0,0x0000000086700000)
 Metaspace       used 21579K, capacity 22480K, committed 22528K, reserved 1069056K
  class space    used 3076K, capacity 3290K, committed 3328K, reserved 1048576K
Event: 1.590 GC heap after
Heap after GC invocations=8 (full 1):
 PSYoungGen      total 94720K, used 958K [0x00000000d6100000, 0x00000000e0800000, 0x0000000100000000)
  eden space 81920K, 0% used [0x00000000d6100000,0x00000000d6100000,0x00000000db100000)
  from space 12800K, 7% used [0x00000000db100000,0x00000000db1efbe8,0x00000000dbd80000)
  to   space 12288K, 0% used [0x00000000dfc00000,0x00000000dfc00000,0x00000000e0800000)
 ParOldGen       total 70656K, used 10096K [0x0000000082200000, 0x0000000086700000, 0x00000000d6100000)
  object space 70656K, 14% used [0x0000000082200000,0x0000000082bdc0e0,0x0000000086700000)
 Metaspace       used 21579K, capacity 22480K, committed 22528K, reserved 1069056K
  class space    used 3076K, capacity 3290K, committed 3328K, reserved 1048576K
}
Event: 2.967 GC heap before
{Heap before GC invocations=9 (full 1):
 PSYoungGen      total 94720K, used 82844K [0x00000000d6100000, 0x00000000e0800000, 0x0000000100000000)
  eden space 81920K, 99% used [0x00000000d6100000,0x00000000db0f76e0,0x00000000db100000)
  from space 12800K, 7% used [0x00000000db100000,0x00000000db1efbe8,0x00000000dbd80000)
  to   space 12288K, 0% used [0x00000000dfc00000,0x00000000dfc00000,0x00000000e0800000)
 ParOldGen       total 70656K, used 10096K [0x0000000082200000, 0x0000000086700000, 0x00000000d6100000)
  object space 70656K, 14% used [0x0000000082200000,0x0000000082bdc0e0,0x0000000086700000)
 Metaspace       used 22838K, capacity 23716K, committed 23936K, reserved 1069056K
  class space    used 3183K, capacity 3372K, committed 3456K, reserved 1048576K
Event: 2.970 GC heap after
Heap after GC invocations=9 (full 1):
 PSYoungGen      total 151552K, used 6313K [0x00000000d6100000, 0x00000000e0500000, 0x0000000100000000)
  eden space 142336K, 0% used [0x00000000d6100000,0x00000000d6100000,0x00000000dec00000)
  from space 9216K, 68% used [0x00000000dfc00000,0x00000000e022a508,0x00000000e0500000)
  to   space 12800K, 0% used [0x00000000dec00000,0x00000000dec00000,0x00000000df880000)
 ParOldGen       total 70656K, used 10761K [0x0000000082200000, 0x0000000086700000, 0x00000000d6100000)
  object space 70656K, 15% used [0x0000000082200000,0x0000000082c82638,0x0000000086700000)
 Metaspace       used 22838K, capacity 23716K, committed 23936K, reserved 1069056K
  class space    used 3183K, capacity 3372K, committed 3456K, reserved 1048576K
}

