# JRE version: Java(TM) SE Runtime Environment (8.0_191-b12) (build 1.8.0_191-b12)
# Java VM: Java HotSpot(TM) 64-Bit Server VM (25.191-b12 mixed mode windows-amd64 compressed oops)
Heap:
 PSYoungGen      total 129536K, used 19704K [0x00000000d6100000, 0x00000000dfb80000, 0x0000000100000000)
  eden space 108032K, 17% used [0x00000000d6100000,0x00000000d73545f0,0x00000000dca80000)
  from space 21504K, 4% used [0x00000000de680000,0x00000000de769a40,0x00000000dfb80000)
  to   space 25088K, 0% used [0x00000000dca80000,0x00000000dca80000,0x00000000de300000)
 ParOldGen       total 128000K, used 52467K [0x0000000082200000, 0x0000000089f00000, 0x00000000d6100000)
  object space 128000K, 40% used [0x0000000082200000,0x000000008553cc18,0x0000000089f00000)
 Metaspace       used 49813K, capacity 52058K, committed 52184K, reserved 1093632K
  class space    used 6728K, capacity 7146K, committed 7168K, reserved 1048576K
GC Heap History (10 events):
Event: 118.163 GC heap before
{Heap before GC invocations=12 (full 2):
 PSYoungGen      total 94208K, used 78520K [0x00000000d6100000, 0x00000000ded80000, 0x0000000100000000)
  eden space 68608K, 100% used [0x00000000d6100000,0x00000000da400000,0x00000000da400000)
  from space 25600K, 38% used [0x00000000da400000,0x00000000dadae148,0x00000000dbd00000)
  to   space 24576K, 0% used [0x00000000dd580000,0x00000000dd580000,0x00000000ded80000)
 ParOldGen       total 128000K, used 46524K [0x0000000082200000, 0x0000000089f00000, 0x00000000d6100000)
  object space 128000K, 36% used [0x0000000082200000,0x0000000084f6f3e8,0x0000000089f00000)
 Metaspace       used 49594K, capacity 51864K, committed 51928K, reserved 1093632K
  class space    used 6720K, capacity 7135K, committed 7168K, reserved 1048576K
Event: 118.173 GC heap after
Heap after GC invocations=12 (full 2):
 PSYoungGen      total 112128K, used 9744K [0x00000000d6100000, 0x00000000de980000, 0x0000000100000000)
  eden space 91648K, 0% used [0x00000000d6100000,0x00000000d6100000,0x00000000dba80000)
  from space 20480K, 47% used [0x00000000dd580000,0x00000000ddf041a8,0x00000000de980000)
  to   space 24064K, 0% used [0x00000000dba80000,0x00000000dba80000,0x00000000dd200000)
 ParOldGen       total 128000K, used 46540K [0x0000000082200000, 0x0000000089f00000, 0x00000000d6100000)
  object space 128000K, 36% used [0x0000000082200000,0x0000000084f733e8,0x0000000089f00000)
 Metaspace       used 49594K, capacity 51864K, committed 51928K, reserved 1093632K
  class space    used 6720K, capacity 7135K, committed 7168K, reserved 1048576K
}
Event: 655.891 GC heap before
{Heap before GC invocations=13 (full 2):
 PSYoungGen      total 112128K, used 101392K [0x00000000d6100000, 0x00000000de980000, 0x0000000100000000)
  eden space 91648K, 100% used [0x00000000d6100000,0x00000000dba80000,0x00000000dba80000)
  from space 20480K, 47% used [0x00000000dd580000,0x00000000ddf041a8,0x00000000de980000)
  to   space 24064K, 0% used [0x00000000dba80000,0x00000000dba80000,0x00000000dd200000)
 ParOldGen       total 128000K, used 46540K [0x0000000082200000, 0x0000000089f00000, 0x00000000d6100000)
  object space 128000K, 36% used [0x0000000082200000,0x0000000084f733e8,0x0000000089f00000)
 Metaspace       used 49664K, capacity 51958K, committed 52184K, reserved 1093632K
  class space    used 6724K, capacity 7140K, committed 7168K, reserved 1048576K
Event: 655.897 GC heap after
Heap after GC invocations=13 (full 2):
 PSYoungGen      total 115712K, used 579K [0x00000000d6100000, 0x00000000e0580000, 0x0000000100000000)
  eden space 91648K, 0% used [0x00000000d6100000,0x00000000d6100000,0x00000000dba80000)
  from space 24064K, 2% used [0x00000000dba80000,0x00000000dbb10d20,0x00000000dd200000)
  to   space 25088K, 0% used [0x00000000ded00000,0x00000000ded00000,0x00000000e0580000)
 ParOldGen       total 128000K, used 52411K [0x0000000082200000, 0x0000000089f00000, 0x00000000d6100000)
  object space 128000K, 40% used [0x0000000082200000,0x000000008552ecc8,0x0000000089f00000)
 Metaspace       used 49664K, capacity 51958K, committed 52184K, reserved 1093632K
  class space    used 6724K, capacity 7140K, committed 7168K, reserved 1048576K
}
Event: 1163.603 GC heap before
{Heap before GC invocations=14 (full 2):
 PSYoungGen      total 115712K, used 92227K [0x00000000d6100000, 0x00000000e0580000, 0x0000000100000000)
  eden space 91648K, 100% used [0x00000000d6100000,0x00000000dba80000,0x00000000dba80000)
  from space 24064K, 2% used [0x00000000dba80000,0x00000000dbb10d20,0x00000000dd200000)
  to   space 25088K, 0% used [0x00000000ded00000,0x00000000ded00000,0x00000000e0580000)
 ParOldGen       total 128000K, used 52411K [0x0000000082200000, 0x0000000089f00000, 0x00000000d6100000)
  object space 128000K, 40% used [0x0000000082200000,0x000000008552ecc8,0x0000000089f00000)
 Metaspace       used 49747K, capacity 52058K, committed 52184K, reserved 1093632K
  class space    used 6728K, capacity 7146K, committed 7168K, reserved 1048576K
Event: 1163.609 GC heap after
Heap after GC invocations=14 (full 2):
 PSYoungGen      total 135168K, used 887K [0x00000000d6100000, 0x00000000e0180000, 0x0000000100000000)
  eden space 114176K, 0% used [0x00000000d6100000,0x00000000d6100000,0x00000000dd080000)
  from space 20992K, 4% used [0x00000000ded00000,0x00000000dedddc70,0x00000000e0180000)
  to   space 25088K, 0% used [0x00000000dd080000,0x00000000dd080000,0x00000000de900000)
 ParOldGen       total 128000K, used 52451K [0x0000000082200000, 0x0000000089f00000, 0x00000000d6100000)
  object space 128000K, 40% used [0x0000000082200000,0x0000000085538c18,0x0000000089f00000)
 Metaspace       used 49747K, capacity 52058K, committed 52184K, reserved 1093632K
  class space    used 6728K, capacity 7146K, committed 7168K, reserved 1048576K
}
Event: 1838.523 GC heap before
{Heap before GC invocations=15 (full 2):
 PSYoungGen      total 135168K, used 115063K [0x00000000d6100000, 0x00000000e0180000, 0x0000000100000000)
  eden space 114176K, 100% used [0x00000000d6100000,0x00000000dd080000,0x00000000dd080000)
  from space 20992K, 4% used [0x00000000ded00000,0x00000000dedddc70,0x00000000e0180000)
  to   space 25088K, 0% used [0x00000000dd080000,0x00000000dd080000,0x00000000de900000)
 ParOldGen       total 128000K, used 52451K [0x0000000082200000, 0x0000000089f00000, 0x00000000d6100000)
  object space 128000K, 40% used [0x0000000082200000,0x0000000085538c18,0x0000000089f00000)
 Metaspace       used 49770K, capacity 52058K, committed 52184K, reserved 1093632K
  class space    used 6728K, capacity 7146K, committed 7168K, reserved 1048576K
Event: 1838.529 GC heap after
Heap after GC invocations=15 (full 2):
 PSYoungGen      total 112128K, used 547K [0x00000000d6100000, 0x00000000dff80000, 0x0000000100000000)
  eden space 111104K, 0% used [0x00000000d6100000,0x00000000d6100000,0x00000000dcd80000)
  from space 1024K, 53% used [0x00000000dd080000,0x00000000dd108d20,0x00000000dd180000)
  to   space 25600K, 0% used [0x00000000de680000,0x00000000de680000,0x00000000dff80000)
 ParOldGen       total 128000K, used 52459K [0x0000000082200000, 0x0000000089f00000, 0x00000000d6100000)
  object space 128000K, 40% used [0x0000000082200000,0x000000008553ac18,0x0000000089f00000)
 Metaspace       used 49770K, capacity 52058K, committed 52184K, reserved 1093632K
  class space    used 6728K, capacity 7146K, committed 7168K, reserved 1048576K
}
Event: 2478.002 GC heap before
{Heap before GC invocations=16 (full 2):
 PSYoungGen      total 112128K, used 111651K [0x00000000d6100000, 0x00000000dff80000, 0x0000000100000000)
  eden space 111104K, 100% used [0x00000000d6100000,0x00000000dcd80000,0x00000000dcd80000)
  from space 1024K, 53% used [0x00000000dd080000,0x00000000dd108d20,0x00000000dd180000)
  to   space 25600K, 0% used [0x00000000de680000,0x00000000de680000,0x00000000dff80000)
 ParOldGen       total 128000K, used 52459K [0x0000000082200000, 0x0000000089f00000, 0x00000000d6100000)
  object space 128000K, 40% used [0x0000000082200000,0x000000008553ac18,0x0000000089f00000)
 Metaspace       used 49797K, capacity 52058K, committed 52184K, reserved 1093632K
  class space    used 6728K, capacity 7146K, committed 7168K, reserved 1048576K
Event: 2478.009 GC heap after
Heap after GC invocations=16 (full 2):
 PSYoungGen      total 129536K, used 934K [0x00000000d6100000, 0x00000000dfb80000, 0x0000000100000000)
  eden space 108032K, 0% used [0x00000000d6100000,0x00000000d6100000,0x00000000dca80000)
  from space 21504K, 4% used [0x00000000de680000,0x00000000de769a40,0x00000000dfb80000)
  to   space 25088K, 0% used [0x00000000dca80000,0x00000000dca80000,0x00000000de300000)
 ParOldGen       total 128000K, used 52467K [0x0000000082200000, 0x0000000089f00000, 0x00000000d6100000)
  object space 128000K, 40% used [0x0000000082200000,0x000000008553cc18,0x0000000089f00000)
 Metaspace       used 49797K, capacity 52058K, committed 52184K, reserved 1093632K
  class space    used 6728K, capacity 7146K, committed 7168K, reserved 1048576K
}

