# JRE version: Java(TM) SE Runtime Environment (8.0_191-b12) (build 1.8.0_191-b12)
# Java VM: Java HotSpot(TM) 64-Bit Server VM (25.191-b12 mixed mode windows-amd64 compressed oops)
Heap:
 PSYoungGen      total 70656K, used 12044K [0x00000000d6100000, 0x00000000de280000, 0x0000000100000000)
  eden space 65536K, 10% used [0x00000000d6100000,0x00000000d67c6120,0x00000000da100000)
  from space 5120K, 99% used [0x00000000da100000,0x00000000da5fd030,0x00000000da600000)
  to   space 15872K, 0% used [0x00000000dd300000,0x00000000dd300000,0x00000000de280000)
 ParOldGen       total 55808K, used 22592K [0x0000000082200000, 0x0000000085880000, 0x00000000d6100000)
  object space 55808K, 40% used [0x0000000082200000,0x0000000083810068,0x0000000085880000)
 Metaspace       used 26388K, capacity 27970K, committed 28104K, reserved 1073152K
  class space    used 3673K, capacity 3976K, committed 4096K, reserved 1048576K
GC Heap History (10 events):
Event: 1.299 GC heap before
{Heap before GC invocations=2 (full 0):
 PSYoungGen      total 37888K, used 25754K [0x00000000d6100000, 0x00000000d8b00000, 0x0000000100000000)
  eden space 32768K, 63% used [0x00000000d6100000,0x00000000d7529658,0x00000000d8100000)
  from space 5120K, 99% used [0x00000000d8100000,0x00000000d85fd1e8,0x00000000d8600000)
  to   space 5120K, 0% used [0x00000000d8600000,0x00000000d8600000,0x00000000d8b00000)
 ParOldGen       total 86016K, used 315K [0x0000000082200000, 0x0000000087600000, 0x00000000d6100000)
  object space 86016K, 0% used [0x0000000082200000,0x000000008224ec80,0x0000000087600000)
 Metaspace       used 20516K, capacity 21754K, committed 21960K, reserved 1069056K
  class space    used 3053K, capacity 3308K, committed 3328K, reserved 1048576K
Event: 1.309 GC heap after
Heap after GC invocations=2 (full 0):
 PSYoungGen      total 37888K, used 5099K [0x00000000d6100000, 0x00000000dab00000, 0x0000000100000000)
  eden space 32768K, 0% used [0x00000000d6100000,0x00000000d6100000,0x00000000d8100000)
  from space 5120K, 99% used [0x00000000d8600000,0x00000000d8afaf60,0x00000000d8b00000)
  to   space 5120K, 0% used [0x00000000d8100000,0x00000000d8100000,0x00000000d8600000)
 ParOldGen       total 86016K, used 5717K [0x0000000082200000, 0x0000000087600000, 0x00000000d6100000)
  object space 86016K, 6% used [0x0000000082200000,0x0000000082795538,0x0000000087600000)
 Metaspace       used 20516K, capacity 21754K, committed 21960K, reserved 1069056K
  class space    used 3053K, capacity 3308K, committed 3328K, reserved 1048576K
}
Event: 1.317 GC heap before
{Heap before GC invocations=3 (full 0):
 PSYoungGen      total 37888K, used 6307K [0x00000000d6100000, 0x00000000dab00000, 0x0000000100000000)
  eden space 32768K, 3% used [0x00000000d6100000,0x00000000d622dfa0,0x00000000d8100000)
  from space 5120K, 99% used [0x00000000d8600000,0x00000000d8afaf60,0x00000000d8b00000)
  to   space 5120K, 0% used [0x00000000d8100000,0x00000000d8100000,0x00000000d8600000)
 ParOldGen       total 86016K, used 5717K [0x0000000082200000, 0x0000000087600000, 0x00000000d6100000)
  object space 86016K, 6% used [0x0000000082200000,0x0000000082795538,0x0000000087600000)
 Metaspace       used 20672K, capacity 21882K, committed 21960K, reserved 1069056K
  class space    used 3068K, capacity 3308K, committed 3328K, reserved 1048576K
Event: 1.324 GC heap after
Heap after GC invocations=3 (full 0):
 PSYoungGen      total 37888K, used 5097K [0x00000000d6100000, 0x00000000dab00000, 0x0000000100000000)
  eden space 32768K, 0% used [0x00000000d6100000,0x00000000d6100000,0x00000000d8100000)
  from space 5120K, 99% used [0x00000000d8100000,0x00000000d85fa578,0x00000000d8600000)
  to   space 5120K, 0% used [0x00000000da600000,0x00000000da600000,0x00000000dab00000)
 ParOldGen       total 86016K, used 5741K [0x0000000082200000, 0x0000000087600000, 0x00000000d6100000)
  object space 86016K, 6% used [0x0000000082200000,0x000000008279b538,0x0000000087600000)
 Metaspace       used 20672K, capacity 21882K, committed 21960K, reserved 1069056K
  class space    used 3068K, capacity 3308K, committed 3328K, reserved 1048576K
}
Event: 1.324 GC heap before
{Heap before GC invocations=4 (full 1):
 PSYoungGen      total 37888K, used 5097K [0x00000000d6100000, 0x00000000dab00000, 0x0000000100000000)
  eden space 32768K, 0% used [0x00000000d6100000,0x00000000d6100000,0x00000000d8100000)
  from space 5120K, 99% used [0x00000000d8100000,0x00000000d85fa578,0x00000000d8600000)
  to   space 5120K, 0% used [0x00000000da600000,0x00000000da600000,0x00000000dab00000)
 ParOldGen       total 86016K, used 5741K [0x0000000082200000, 0x0000000087600000, 0x00000000d6100000)
  object space 86016K, 6% used [0x0000000082200000,0x000000008279b538,0x0000000087600000)
 Metaspace       used 20672K, capacity 21882K, committed 21960K, reserved 1069056K
  class space    used 3068K, capacity 3308K, committed 3328K, reserved 1048576K
Event: 1.368 GC heap after
Heap after GC invocations=4 (full 1):
 PSYoungGen      total 37888K, used 0K [0x00000000d6100000, 0x00000000dab00000, 0x0000000100000000)
  eden space 32768K, 0% used [0x00000000d6100000,0x00000000d6100000,0x00000000d8100000)
  from space 5120K, 0% used [0x00000000d8100000,0x00000000d8100000,0x00000000d8600000)
  to   space 5120K, 0% used [0x00000000da600000,0x00000000da600000,0x00000000dab00000)
 ParOldGen       total 55808K, used 10303K [0x0000000082200000, 0x0000000085880000, 0x00000000d6100000)
  object space 55808K, 18% used [0x0000000082200000,0x0000000082c0fd40,0x0000000085880000)
 Metaspace       used 20672K, capacity 21882K, committed 21960K, reserved 1069056K
  class space    used 3068K, capacity 3308K, committed 3328K, reserved 1048576K
}
Event: 2.494 GC heap before
{Heap before GC invocations=5 (full 1):
 PSYoungGen      total 37888K, used 32768K [0x00000000d6100000, 0x00000000dab00000, 0x0000000100000000)
  eden space 32768K, 100% used [0x00000000d6100000,0x00000000d8100000,0x00000000d8100000)
  from space 5120K, 0% used [0x00000000d8100000,0x00000000d8100000,0x00000000d8600000)
  to   space 5120K, 0% used [0x00000000da600000,0x00000000da600000,0x00000000dab00000)
 ParOldGen       total 55808K, used 10303K [0x0000000082200000, 0x0000000085880000, 0x00000000d6100000)
  object space 55808K, 18% used [0x0000000082200000,0x0000000082c0fd40,0x0000000085880000)
 Metaspace       used 24880K, capacity 26310K, committed 26568K, reserved 1073152K
  class space    used 3536K, capacity 3824K, committed 3840K, reserved 1048576K
Event: 2.500 GC heap after
Heap after GC invocations=5 (full 1):
 PSYoungGen      total 63488K, used 5095K [0x00000000d6100000, 0x00000000dab00000, 0x0000000100000000)
  eden space 58368K, 0% used [0x00000000d6100000,0x00000000d6100000,0x00000000d9a00000)
  from space 5120K, 99% used [0x00000000da600000,0x00000000daaf9cf0,0x00000000dab00000)
  to   space 5120K, 0% used [0x00000000da100000,0x00000000da100000,0x00000000da600000)
 ParOldGen       total 55808K, used 12167K [0x0000000082200000, 0x0000000085880000, 0x00000000d6100000)
  object space 55808K, 21% used [0x0000000082200000,0x0000000082de1dc0,0x0000000085880000)
 Metaspace       used 24880K, capacity 26310K, committed 26568K, reserved 1073152K
  class space    used 3536K, capacity 3824K, committed 3840K, reserved 1048576K
}
Event: 3.141 GC heap before
{Heap before GC invocations=6 (full 1):
 PSYoungGen      total 63488K, used 63463K [0x00000000d6100000, 0x00000000dab00000, 0x0000000100000000)
  eden space 58368K, 100% used [0x00000000d6100000,0x00000000d9a00000,0x00000000d9a00000)
  from space 5120K, 99% used [0x00000000da600000,0x00000000daaf9cf0,0x00000000dab00000)
  to   space 5120K, 0% used [0x00000000da100000,0x00000000da100000,0x00000000da600000)
 ParOldGen       total 55808K, used 12167K [0x0000000082200000, 0x0000000085880000, 0x00000000d6100000)
  object space 55808K, 21% used [0x0000000082200000,0x0000000082de1dc0,0x0000000085880000)
 Metaspace       used 26216K, capacity 27772K, committed 28104K, reserved 1073152K
  class space    used 3661K, capacity 3973K, committed 4096K, reserved 1048576K
Event: 3.148 GC heap after
Heap after GC invocations=6 (full 1):
 PSYoungGen      total 70656K, used 5108K [0x00000000d6100000, 0x00000000de280000, 0x0000000100000000)
  eden space 65536K, 0% used [0x00000000d6100000,0x00000000d6100000,0x00000000da100000)
  from space 5120K, 99% used [0x00000000da100000,0x00000000da5fd030,0x00000000da600000)
  to   space 15872K, 0% used [0x00000000dd300000,0x00000000dd300000,0x00000000de280000)
 ParOldGen       total 55808K, used 22592K [0x0000000082200000, 0x0000000085880000, 0x00000000d6100000)
  object space 55808K, 40% used [0x0000000082200000,0x0000000083810068,0x0000000085880000)
 Metaspace       used 26216K, capacity 27772K, committed 28104K, reserved 1073152K
  class space    used 3661K, capacity 3973K, committed 4096K, reserved 1048576K
}

