# JRE version: Java(TM) SE Runtime Environment (8.0_191-b12) (build 1.8.0_191-b12)
# Java VM: Java HotSpot(TM) 64-Bit Server VM (25.191-b12 mixed mode windows-amd64 compressed oops)
Heap:
 PSYoungGen      total 111616K, used 76052K [0x00000000d6100000, 0x00000000df280000, 0x0000000100000000)
  eden space 86016K, 88% used [0x00000000d6100000,0x00000000dab45340,0x00000000db500000)
  from space 25600K, 0% used [0x00000000dcf00000,0x00000000dcf00000,0x00000000de800000)
  to   space 26624K, 0% used [0x00000000db500000,0x00000000db500000,0x00000000dcf00000)
 ParOldGen       total 131584K, used 46718K [0x0000000082200000, 0x000000008a280000, 0x00000000d6100000)
  object space 131584K, 35% used [0x0000000082200000,0x0000000084f9f850,0x000000008a280000)
 Metaspace       used 43957K, capacity 45882K, committed 46168K, reserved 1089536K
  class space    used 6097K, capacity 6438K, committed 6528K, reserved 1048576K
GC Heap History (10 events):
Event: 4.425 GC heap before
{Heap before GC invocations=6 (full 1):
 PSYoungGen      total 49152K, used 49148K [0x00000000d6100000, 0x00000000d9680000, 0x0000000100000000)
  eden space 44032K, 100% used [0x00000000d6100000,0x00000000d8c00000,0x00000000d8c00000)
  from space 5120K, 99% used [0x00000000d9100000,0x00000000d95ff038,0x00000000d9600000)
  to   space 5120K, 0% used [0x00000000d8c00000,0x00000000d8c00000,0x00000000d9100000)
 ParOldGen       total 65024K, used 14716K [0x0000000082200000, 0x0000000086180000, 0x00000000d6100000)
  object space 65024K, 22% used [0x0000000082200000,0x000000008305f2a0,0x0000000086180000)
 Metaspace       used 27057K, capacity 28910K, committed 29056K, reserved 1075200K
  class space    used 3867K, capacity 4222K, committed 4224K, reserved 1048576K
Event: 4.438 GC heap after
Heap after GC invocations=6 (full 1):
 PSYoungGen      total 49152K, used 5120K [0x00000000d6100000, 0x00000000dbe80000, 0x0000000100000000)
  eden space 44032K, 0% used [0x00000000d6100000,0x00000000d6100000,0x00000000d8c00000)
  from space 5120K, 100% used [0x00000000d8c00000,0x00000000d9100000,0x00000000d9100000)
  to   space 16384K, 0% used [0x00000000dae80000,0x00000000dae80000,0x00000000dbe80000)
 ParOldGen       total 65024K, used 26872K [0x0000000082200000, 0x0000000086180000, 0x00000000d6100000)
  object space 65024K, 41% used [0x0000000082200000,0x0000000083c3e2d8,0x0000000086180000)
 Metaspace       used 27057K, capacity 28910K, committed 29056K, reserved 1075200K
  class space    used 3867K, capacity 4222K, committed 4224K, reserved 1048576K
}
Event: 4.873 GC heap before
{Heap before GC invocations=7 (full 1):
 PSYoungGen      total 49152K, used 49152K [0x00000000d6100000, 0x00000000dbe80000, 0x0000000100000000)
  eden space 44032K, 100% used [0x00000000d6100000,0x00000000d8c00000,0x00000000d8c00000)
  from space 5120K, 100% used [0x00000000d8c00000,0x00000000d9100000,0x00000000d9100000)
  to   space 16384K, 0% used [0x00000000dae80000,0x00000000dae80000,0x00000000dbe80000)
 ParOldGen       total 65024K, used 26872K [0x0000000082200000, 0x0000000086180000, 0x00000000d6100000)
  object space 65024K, 41% used [0x0000000082200000,0x0000000083c3e2d8,0x0000000086180000)
 Metaspace       used 28043K, capacity 29872K, committed 30208K, reserved 1075200K
  class space    used 3923K, capacity 4263K, committed 4352K, reserved 1048576K
Event: 4.888 GC heap after
Heap after GC invocations=7 (full 1):
 PSYoungGen      total 75776K, used 16361K [0x00000000d6100000, 0x00000000dc900000, 0x0000000100000000)
  eden space 59392K, 0% used [0x00000000d6100000,0x00000000d6100000,0x00000000d9b00000)
  from space 16384K, 99% used [0x00000000dae80000,0x00000000dbe7a630,0x00000000dbe80000)
  to   space 19968K, 0% used [0x00000000d9b00000,0x00000000d9b00000,0x00000000dae80000)
 ParOldGen       total 65024K, used 28214K [0x0000000082200000, 0x0000000086180000, 0x00000000d6100000)
  object space 65024K, 43% used [0x0000000082200000,0x0000000083d8da08,0x0000000086180000)
 Metaspace       used 28043K, capacity 29872K, committed 30208K, reserved 1075200K
  class space    used 3923K, capacity 4263K, committed 4352K, reserved 1048576K
}
Event: 6.819 GC heap before
{Heap before GC invocations=8 (full 1):
 PSYoungGen      total 75776K, used 75753K [0x00000000d6100000, 0x00000000dc900000, 0x0000000100000000)
  eden space 59392K, 100% used [0x00000000d6100000,0x00000000d9b00000,0x00000000d9b00000)
  from space 16384K, 99% used [0x00000000dae80000,0x00000000dbe7a630,0x00000000dbe80000)
  to   space 19968K, 0% used [0x00000000d9b00000,0x00000000d9b00000,0x00000000dae80000)
 ParOldGen       total 65024K, used 28214K [0x0000000082200000, 0x0000000086180000, 0x00000000d6100000)
  object space 65024K, 43% used [0x0000000082200000,0x0000000083d8da08,0x0000000086180000)
 Metaspace       used 31317K, capacity 33182K, committed 33408K, reserved 1077248K
  class space    used 4349K, capacity 4684K, committed 4736K, reserved 1048576K
Event: 6.835 GC heap after
Heap after GC invocations=8 (full 1):
 PSYoungGen      total 79360K, used 19958K [0x00000000d6100000, 0x00000000de800000, 0x0000000100000000)
  eden space 59392K, 0% used [0x00000000d6100000,0x00000000d6100000,0x00000000d9b00000)
  from space 19968K, 99% used [0x00000000d9b00000,0x00000000dae7d890,0x00000000dae80000)
  to   space 25600K, 0% used [0x00000000dcf00000,0x00000000dcf00000,0x00000000de800000)
 ParOldGen       total 65024K, used 32421K [0x0000000082200000, 0x0000000086180000, 0x00000000d6100000)
  object space 65024K, 49% used [0x0000000082200000,0x00000000841a97d0,0x0000000086180000)
 Metaspace       used 31317K, capacity 33182K, committed 33408K, reserved 1077248K
  class space    used 4349K, capacity 4684K, committed 4736K, reserved 1048576K
}
Event: 6.981 GC heap before
{Heap before GC invocations=9 (full 1):
 PSYoungGen      total 79360K, used 33132K [0x00000000d6100000, 0x00000000de800000, 0x0000000100000000)
  eden space 59392K, 22% used [0x00000000d6100000,0x00000000d6dddb40,0x00000000d9b00000)
  from space 19968K, 99% used [0x00000000d9b00000,0x00000000dae7d890,0x00000000dae80000)
  to   space 25600K, 0% used [0x00000000dcf00000,0x00000000dcf00000,0x00000000de800000)
 ParOldGen       total 65024K, used 32421K [0x0000000082200000, 0x0000000086180000, 0x00000000d6100000)
  object space 65024K, 49% used [0x0000000082200000,0x00000000841a97d0,0x0000000086180000)
 Metaspace       used 33399K, capacity 35240K, committed 35416K, reserved 1079296K
  class space    used 4675K, capacity 4979K, committed 4992K, reserved 1048576K
Event: 6.992 GC heap after
Heap after GC invocations=9 (full 1):
 PSYoungGen      total 111616K, used 18371K [0x00000000d6100000, 0x00000000df280000, 0x0000000100000000)
  eden space 86016K, 0% used [0x00000000d6100000,0x00000000d6100000,0x00000000db500000)
  from space 25600K, 71% used [0x00000000dcf00000,0x00000000de0f0c70,0x00000000de800000)
  to   space 26624K, 0% used [0x00000000db500000,0x00000000db500000,0x00000000dcf00000)
 ParOldGen       total 65024K, used 35302K [0x0000000082200000, 0x0000000086180000, 0x00000000d6100000)
  object space 65024K, 54% used [0x0000000082200000,0x0000000084479900,0x0000000086180000)
 Metaspace       used 33399K, capacity 35240K, committed 35416K, reserved 1079296K
  class space    used 4675K, capacity 4979K, committed 4992K, reserved 1048576K
}
Event: 6.992 GC heap before
{Heap before GC invocations=10 (full 2):
 PSYoungGen      total 111616K, used 18371K [0x00000000d6100000, 0x00000000df280000, 0x0000000100000000)
  eden space 86016K, 0% used [0x00000000d6100000,0x00000000d6100000,0x00000000db500000)
  from space 25600K, 71% used [0x00000000dcf00000,0x00000000de0f0c70,0x00000000de800000)
  to   space 26624K, 0% used [0x00000000db500000,0x00000000db500000,0x00000000dcf00000)
 ParOldGen       total 65024K, used 35302K [0x0000000082200000, 0x0000000086180000, 0x00000000d6100000)
  object space 65024K, 54% used [0x0000000082200000,0x0000000084479900,0x0000000086180000)
 Metaspace       used 33399K, capacity 35240K, committed 35416K, reserved 1079296K
  class space    used 4675K, capacity 4979K, committed 4992K, reserved 1048576K
Event: 7.085 GC heap after
Heap after GC invocations=10 (full 2):
 PSYoungGen      total 111616K, used 0K [0x00000000d6100000, 0x00000000df280000, 0x0000000100000000)
  eden space 86016K, 0% used [0x00000000d6100000,0x00000000d6100000,0x00000000db500000)
  from space 25600K, 0% used [0x00000000dcf00000,0x00000000dcf00000,0x00000000de800000)
  to   space 26624K, 0% used [0x00000000db500000,0x00000000db500000,0x00000000dcf00000)
 ParOldGen       total 131584K, used 46718K [0x0000000082200000, 0x000000008a280000, 0x00000000d6100000)
  object space 131584K, 35% used [0x0000000082200000,0x0000000084f9f850,0x000000008a280000)
 Metaspace       used 33399K, capacity 35240K, committed 35416K, reserved 1079296K
  class space    used 4675K, capacity 4979K, committed 4992K, reserved 1048576K
}

