# JRE version: Java(TM) SE Runtime Environment (8.0_191-b12) (build 1.8.0_191-b12)
# Java VM: Java HotSpot(TM) 64-Bit Server VM (25.191-b12 mixed mode windows-amd64 compressed oops)
Heap:
 PSYoungGen      total 95744K, used 63664K [0x00000000d6100000, 0x00000000dd000000, 0x0000000100000000)
  eden space 84992K, 65% used [0x00000000d6100000,0x00000000d9790f68,0x00000000db400000)
  from space 10752K, 72% used [0x00000000dc580000,0x00000000dcd1b170,0x00000000dd000000)
  to   space 14336K, 0% used [0x00000000db400000,0x00000000db400000,0x00000000dc200000)
 ParOldGen       total 64512K, used 28131K [0x0000000082200000, 0x0000000086100000, 0x00000000d6100000)
  object space 64512K, 43% used [0x0000000082200000,0x0000000083d78ec0,0x0000000086100000)
 Metaspace       used 47660K, capacity 49462K, committed 49664K, reserved 1091584K
  class space    used 6525K, capacity 6866K, committed 6912K, reserved 1048576K
GC Heap History (10 events):
Event: 3.447 GC heap before
{Heap before GC invocations=6 (full 1):
 PSYoungGen      total 48128K, used 48058K [0x00000000d6100000, 0x00000000d9600000, 0x0000000100000000)
  eden space 43008K, 99% used [0x00000000d6100000,0x00000000d8af3a20,0x00000000d8b00000)
  from space 5120K, 99% used [0x00000000d9000000,0x00000000d94faf50,0x00000000d9500000)
  to   space 5120K, 0% used [0x00000000d8b00000,0x00000000d8b00000,0x00000000d9000000)
 ParOldGen       total 64512K, used 18343K [0x0000000082200000, 0x0000000086100000, 0x00000000d6100000)
  object space 64512K, 28% used [0x0000000082200000,0x00000000833e9e50,0x0000000086100000)
 Metaspace       used 26140K, capacity 27792K, committed 28160K, reserved 1073152K
  class space    used 3650K, capacity 3975K, committed 4096K, reserved 1048576K
Event: 3.451 GC heap after
Heap after GC invocations=6 (full 1):
 PSYoungGen      total 48128K, used 5115K [0x00000000d6100000, 0x00000000db080000, 0x0000000100000000)
  eden space 43008K, 0% used [0x00000000d6100000,0x00000000d6100000,0x00000000d8b00000)
  from space 5120K, 99% used [0x00000000d8b00000,0x00000000d8ffef50,0x00000000d9000000)
  to   space 12800K, 0% used [0x00000000da400000,0x00000000da400000,0x00000000db080000)
 ParOldGen       total 64512K, used 21632K [0x0000000082200000, 0x0000000086100000, 0x00000000d6100000)
  object space 64512K, 33% used [0x0000000082200000,0x00000000837201e8,0x0000000086100000)
 Metaspace       used 26140K, capacity 27792K, committed 28160K, reserved 1073152K
  class space    used 3650K, capacity 3975K, committed 4096K, reserved 1048576K
}
Event: 3.919 GC heap before
{Heap before GC invocations=7 (full 1):
 PSYoungGen      total 48128K, used 48123K [0x00000000d6100000, 0x00000000db080000, 0x0000000100000000)
  eden space 43008K, 100% used [0x00000000d6100000,0x00000000d8b00000,0x00000000d8b00000)
  from space 5120K, 99% used [0x00000000d8b00000,0x00000000d8ffef50,0x00000000d9000000)
  to   space 12800K, 0% used [0x00000000da400000,0x00000000da400000,0x00000000db080000)
 ParOldGen       total 64512K, used 21632K [0x0000000082200000, 0x0000000086100000, 0x00000000d6100000)
  object space 64512K, 33% used [0x0000000082200000,0x00000000837201e8,0x0000000086100000)
 Metaspace       used 33334K, capacity 34944K, committed 35072K, reserved 1079296K
  class space    used 4758K, capacity 5071K, committed 5120K, reserved 1048576K
Event: 3.929 GC heap after
Heap after GC invocations=7 (full 1):
 PSYoungGen      total 66048K, used 12788K [0x00000000d6100000, 0x00000000db700000, 0x0000000100000000)
  eden space 53248K, 0% used [0x00000000d6100000,0x00000000d6100000,0x00000000d9500000)
  from space 12800K, 99% used [0x00000000da400000,0x00000000db07d288,0x00000000db080000)
  to   space 15360K, 0% used [0x00000000d9500000,0x00000000d9500000,0x00000000da400000)
 ParOldGen       total 64512K, used 23057K [0x0000000082200000, 0x0000000086100000, 0x00000000d6100000)
  object space 64512K, 35% used [0x0000000082200000,0x0000000083884528,0x0000000086100000)
 Metaspace       used 33334K, capacity 34944K, committed 35072K, reserved 1079296K
  class space    used 4758K, capacity 5071K, committed 5120K, reserved 1048576K
}
Event: 3.963 GC heap before
{Heap before GC invocations=8 (full 1):
 PSYoungGen      total 66048K, used 16213K [0x00000000d6100000, 0x00000000db700000, 0x0000000100000000)
  eden space 53248K, 6% used [0x00000000d6100000,0x00000000d64584c8,0x00000000d9500000)
  from space 12800K, 99% used [0x00000000da400000,0x00000000db07d288,0x00000000db080000)
  to   space 15360K, 0% used [0x00000000d9500000,0x00000000d9500000,0x00000000da400000)
 ParOldGen       total 64512K, used 23057K [0x0000000082200000, 0x0000000086100000, 0x00000000d6100000)
  object space 64512K, 35% used [0x0000000082200000,0x0000000083884528,0x0000000086100000)
 Metaspace       used 33699K, capacity 35264K, committed 35456K, reserved 1079296K
  class space    used 4812K, capacity 5135K, committed 5248K, reserved 1048576K
Event: 3.969 GC heap after
Heap after GC invocations=8 (full 1):
 PSYoungGen      total 68608K, used 7809K [0x00000000d6100000, 0x00000000dd400000, 0x0000000100000000)
  eden space 53248K, 0% used [0x00000000d6100000,0x00000000d6100000,0x00000000d9500000)
  from space 15360K, 50% used [0x00000000d9500000,0x00000000d9ca06c8,0x00000000da400000)
  to   space 14848K, 0% used [0x00000000dc580000,0x00000000dc580000,0x00000000dd400000)
 ParOldGen       total 64512K, used 23065K [0x0000000082200000, 0x0000000086100000, 0x00000000d6100000)
  object space 64512K, 35% used [0x0000000082200000,0x0000000083886528,0x0000000086100000)
 Metaspace       used 33699K, capacity 35264K, committed 35456K, reserved 1079296K
  class space    used 4812K, capacity 5135K, committed 5248K, reserved 1048576K
}
Event: 3.969 GC heap before
{Heap before GC invocations=9 (full 2):
 PSYoungGen      total 68608K, used 7809K [0x00000000d6100000, 0x00000000dd400000, 0x0000000100000000)
  eden space 53248K, 0% used [0x00000000d6100000,0x00000000d6100000,0x00000000d9500000)
  from space 15360K, 50% used [0x00000000d9500000,0x00000000d9ca06c8,0x00000000da400000)
  to   space 14848K, 0% used [0x00000000dc580000,0x00000000dc580000,0x00000000dd400000)
 ParOldGen       total 64512K, used 23065K [0x0000000082200000, 0x0000000086100000, 0x00000000d6100000)
  object space 64512K, 35% used [0x0000000082200000,0x0000000083886528,0x0000000086100000)
 Metaspace       used 33699K, capacity 35264K, committed 35456K, reserved 1079296K
  class space    used 4812K, capacity 5135K, committed 5248K, reserved 1048576K
Event: 4.053 GC heap after
Heap after GC invocations=9 (full 2):
 PSYoungGen      total 68608K, used 0K [0x00000000d6100000, 0x00000000dd400000, 0x0000000100000000)
  eden space 53248K, 0% used [0x00000000d6100000,0x00000000d6100000,0x00000000d9500000)
  from space 15360K, 0% used [0x00000000d9500000,0x00000000d9500000,0x00000000da400000)
  to   space 14848K, 0% used [0x00000000dc580000,0x00000000dc580000,0x00000000dd400000)
 ParOldGen       total 64512K, used 28123K [0x0000000082200000, 0x0000000086100000, 0x00000000d6100000)
  object space 64512K, 43% used [0x0000000082200000,0x0000000083d76ec0,0x0000000086100000)
 Metaspace       used 33699K, capacity 35264K, committed 35456K, reserved 1079296K
  class space    used 4812K, capacity 5135K, committed 5248K, reserved 1048576K
}
Event: 4.710 GC heap before
{Heap before GC invocations=10 (full 2):
 PSYoungGen      total 68608K, used 53248K [0x00000000d6100000, 0x00000000dd400000, 0x0000000100000000)
  eden space 53248K, 100% used [0x00000000d6100000,0x00000000d9500000,0x00000000d9500000)
  from space 15360K, 0% used [0x00000000d9500000,0x00000000d9500000,0x00000000da400000)
  to   space 14848K, 0% used [0x00000000dc580000,0x00000000dc580000,0x00000000dd400000)
 ParOldGen       total 64512K, used 28123K [0x0000000082200000, 0x0000000086100000, 0x00000000d6100000)
  object space 64512K, 43% used [0x0000000082200000,0x0000000083d76ec0,0x0000000086100000)
 Metaspace       used 42055K, capacity 43678K, committed 43904K, reserved 1087488K
  class space    used 5842K, capacity 6164K, committed 6272K, reserved 1048576K
Event: 4.717 GC heap after
Heap after GC invocations=10 (full 2):
 PSYoungGen      total 95744K, used 7788K [0x00000000d6100000, 0x00000000dd000000, 0x0000000100000000)
  eden space 84992K, 0% used [0x00000000d6100000,0x00000000d6100000,0x00000000db400000)
  from space 10752K, 72% used [0x00000000dc580000,0x00000000dcd1b170,0x00000000dd000000)
  to   space 14336K, 0% used [0x00000000db400000,0x00000000db400000,0x00000000dc200000)
 ParOldGen       total 64512K, used 28131K [0x0000000082200000, 0x0000000086100000, 0x00000000d6100000)
  object space 64512K, 43% used [0x0000000082200000,0x0000000083d78ec0,0x0000000086100000)
 Metaspace       used 42055K, capacity 43678K, committed 43904K, reserved 1087488K
  class space    used 5842K, capacity 6164K, committed 6272K, reserved 1048576K
}

