# JRE version: Java(TM) SE Runtime Environment (8.0_181-b13) (build 1.8.0_181-b13)
# Java VM: Java HotSpot(TM) 64-Bit Server VM (25.181-b13 mixed mode windows-amd64 compressed oops)
Heap:
 PSYoungGen      total 138240K, used 83497K [0x00000000d6100000, 0x00000000e7a00000, 0x0000000100000000)
  eden space 131072K, 58% used [0x00000000d6100000,0x00000000dab8b2d0,0x00000000de100000)
  from space 7168K, 99% used [0x00000000de100000,0x00000000de7ff430,0x00000000de800000)
  to   space 12800K, 0% used [0x00000000e6d80000,0x00000000e6d80000,0x00000000e7a00000)
 ParOldGen       total 86016K, used 11982K [0x0000000082200000, 0x0000000087600000, 0x00000000d6100000)
  object space 86016K, 13% used [0x0000000082200000,0x0000000082db3b60,0x0000000087600000)
 Metaspace       used 20146K, capacity 20888K, committed 20992K, reserved 1067008K
  class space    used 2596K, capacity 2785K, committed 2816K, reserved 1048576K
GC Heap History (10 events):
Event: 1.486 GC heap before
{Heap before GC invocations=3 (full 0):
 PSYoungGen      total 37888K, used 37839K [0x00000000d6100000, 0x00000000dab00000, 0x0000000100000000)
  eden space 32768K, 99% used [0x00000000d6100000,0x00000000d80f9a70,0x00000000d8100000)
  from space 5120K, 99% used [0x00000000d8600000,0x00000000d8afa2a0,0x00000000d8b00000)
  to   space 5120K, 0% used [0x00000000d8100000,0x00000000d8100000,0x00000000d8600000)
 ParOldGen       total 86016K, used 2055K [0x0000000082200000, 0x0000000087600000, 0x00000000d6100000)
  object space 86016K, 2% used [0x0000000082200000,0x0000000082401d90,0x0000000087600000)
 Metaspace       used 18000K, capacity 18636K, committed 18816K, reserved 1064960K
  class space    used 2411K, capacity 2589K, committed 2688K, reserved 1048576K
Event: 1.489 GC heap after
Heap after GC invocations=3 (full 0):
 PSYoungGen      total 37888K, used 5114K [0x00000000d6100000, 0x00000000dab00000, 0x0000000100000000)
  eden space 32768K, 0% used [0x00000000d6100000,0x00000000d6100000,0x00000000d8100000)
  from space 5120K, 99% used [0x00000000d8100000,0x00000000d85fe918,0x00000000d8600000)
  to   space 5120K, 0% used [0x00000000da600000,0x00000000da600000,0x00000000dab00000)
 ParOldGen       total 86016K, used 2127K [0x0000000082200000, 0x0000000087600000, 0x00000000d6100000)
  object space 86016K, 2% used [0x0000000082200000,0x0000000082413d90,0x0000000087600000)
 Metaspace       used 18000K, capacity 18636K, committed 18816K, reserved 1064960K
  class space    used 2411K, capacity 2589K, committed 2688K, reserved 1048576K
}
Event: 1.496 GC heap before
{Heap before GC invocations=4 (full 0):
 PSYoungGen      total 37888K, used 37775K [0x00000000d6100000, 0x00000000dab00000, 0x0000000100000000)
  eden space 32768K, 99% used [0x00000000d6100000,0x00000000d80e5560,0x00000000d8100000)
  from space 5120K, 99% used [0x00000000d8100000,0x00000000d85fe918,0x00000000d8600000)
  to   space 5120K, 0% used [0x00000000da600000,0x00000000da600000,0x00000000dab00000)
 ParOldGen       total 86016K, used 2127K [0x0000000082200000, 0x0000000087600000, 0x00000000d6100000)
  object space 86016K, 2% used [0x0000000082200000,0x0000000082413d90,0x0000000087600000)
 Metaspace       used 18000K, capacity 18636K, committed 18816K, reserved 1064960K
  class space    used 2411K, capacity 2589K, committed 2688K, reserved 1048576K
Event: 1.501 GC heap after
Heap after GC invocations=4 (full 0):
 PSYoungGen      total 70656K, used 5109K [0x00000000d6100000, 0x00000000dab00000, 0x0000000100000000)
  eden space 65536K, 0% used [0x00000000d6100000,0x00000000d6100000,0x00000000da100000)
  from space 5120K, 99% used [0x00000000da600000,0x00000000daafd5f0,0x00000000dab00000)
  to   space 5120K, 0% used [0x00000000da100000,0x00000000da100000,0x00000000da600000)
 ParOldGen       total 86016K, used 2207K [0x0000000082200000, 0x0000000087600000, 0x00000000d6100000)
  object space 86016K, 2% used [0x0000000082200000,0x0000000082427d90,0x0000000087600000)
 Metaspace       used 18000K, capacity 18636K, committed 18816K, reserved 1064960K
  class space    used 2411K, capacity 2589K, committed 2688K, reserved 1048576K
}
Event: 1.521 GC heap before
{Heap before GC invocations=5 (full 0):
 PSYoungGen      total 70656K, used 70574K [0x00000000d6100000, 0x00000000dab00000, 0x0000000100000000)
  eden space 65536K, 99% used [0x00000000d6100000,0x00000000da0ee260,0x00000000da100000)
  from space 5120K, 99% used [0x00000000da600000,0x00000000daafd5f0,0x00000000dab00000)
  to   space 5120K, 0% used [0x00000000da100000,0x00000000da100000,0x00000000da600000)
 ParOldGen       total 86016K, used 2207K [0x0000000082200000, 0x0000000087600000, 0x00000000d6100000)
  object space 86016K, 2% used [0x0000000082200000,0x0000000082427d90,0x0000000087600000)
 Metaspace       used 18000K, capacity 18636K, committed 18816K, reserved 1064960K
  class space    used 2411K, capacity 2589K, committed 2688K, reserved 1048576K
Event: 1.525 GC heap after
Heap after GC invocations=5 (full 0):
 PSYoungGen      total 70656K, used 5112K [0x00000000d6100000, 0x00000000def00000, 0x0000000100000000)
  eden space 65536K, 0% used [0x00000000d6100000,0x00000000d6100000,0x00000000da100000)
  from space 5120K, 99% used [0x00000000da100000,0x00000000da5fe340,0x00000000da600000)
  to   space 7168K, 0% used [0x00000000de800000,0x00000000de800000,0x00000000def00000)
 ParOldGen       total 86016K, used 2263K [0x0000000082200000, 0x0000000087600000, 0x00000000d6100000)
  object space 86016K, 2% used [0x0000000082200000,0x0000000082435d90,0x0000000087600000)
 Metaspace       used 18000K, capacity 18636K, committed 18816K, reserved 1064960K
  class space    used 2411K, capacity 2589K, committed 2688K, reserved 1048576K
}
Event: 1.537 GC heap before
{Heap before GC invocations=6 (full 0):
 PSYoungGen      total 70656K, used 70577K [0x00000000d6100000, 0x00000000def00000, 0x0000000100000000)
  eden space 65536K, 99% used [0x00000000d6100000,0x00000000da0ee378,0x00000000da100000)
  from space 5120K, 99% used [0x00000000da100000,0x00000000da5fe340,0x00000000da600000)
  to   space 7168K, 0% used [0x00000000de800000,0x00000000de800000,0x00000000def00000)
 ParOldGen       total 86016K, used 2263K [0x0000000082200000, 0x0000000087600000, 0x00000000d6100000)
  object space 86016K, 2% used [0x0000000082200000,0x0000000082435d90,0x0000000087600000)
 Metaspace       used 18001K, capacity 18636K, committed 18816K, reserved 1064960K
  class space    used 2411K, capacity 2589K, committed 2688K, reserved 1048576K
Event: 1.541 GC heap after
Heap after GC invocations=6 (full 0):
 PSYoungGen      total 138240K, used 5205K [0x00000000d6100000, 0x00000000def00000, 0x0000000100000000)
  eden space 131072K, 0% used [0x00000000d6100000,0x00000000d6100000,0x00000000de100000)
  from space 7168K, 72% used [0x00000000de800000,0x00000000ded15700,0x00000000def00000)
  to   space 7168K, 0% used [0x00000000de100000,0x00000000de100000,0x00000000de800000)
 ParOldGen       total 86016K, used 2263K [0x0000000082200000, 0x0000000087600000, 0x00000000d6100000)
  object space 86016K, 2% used [0x0000000082200000,0x0000000082435d90,0x0000000087600000)
 Metaspace       used 18001K, capacity 18636K, committed 18816K, reserved 1064960K
  class space    used 2411K, capacity 2589K, committed 2688K, reserved 1048576K
}
Event: 2.582 GC heap before
{Heap before GC invocations=7 (full 0):
 PSYoungGen      total 138240K, used 136196K [0x00000000d6100000, 0x00000000def00000, 0x0000000100000000)
  eden space 131072K, 99% used [0x00000000d6100000,0x00000000de0ebba8,0x00000000de100000)
  from space 7168K, 72% used [0x00000000de800000,0x00000000ded15700,0x00000000def00000)
  to   space 7168K, 0% used [0x00000000de100000,0x00000000de100000,0x00000000de800000)
 ParOldGen       total 86016K, used 2263K [0x0000000082200000, 0x0000000087600000, 0x00000000d6100000)
  object space 86016K, 2% used [0x0000000082200000,0x0000000082435d90,0x0000000087600000)
 Metaspace       used 19627K, capacity 20334K, committed 20480K, reserved 1067008K
  class space    used 2582K, capacity 2780K, committed 2816K, reserved 1048576K
Event: 2.590 GC heap after
Heap after GC invocations=7 (full 0):
 PSYoungGen      total 138240K, used 7165K [0x00000000d6100000, 0x00000000e7a00000, 0x0000000100000000)
  eden space 131072K, 0% used [0x00000000d6100000,0x00000000d6100000,0x00000000de100000)
  from space 7168K, 99% used [0x00000000de100000,0x00000000de7ff430,0x00000000de800000)
  to   space 12800K, 0% used [0x00000000e6d80000,0x00000000e6d80000,0x00000000e7a00000)
 ParOldGen       total 86016K, used 11982K [0x0000000082200000, 0x0000000087600000, 0x00000000d6100000)
  object space 86016K, 13% used [0x0000000082200000,0x0000000082db3b60,0x0000000087600000)
 Metaspace       used 19627K, capacity 20334K, committed 20480K, reserved 1067008K
  class space    used 2582K, capacity 2780K, committed 2816K, reserved 1048576K
}

