# JRE version: Java(TM) SE Runtime Environment (8.0_181-b13) (build 1.8.0_181-b13)
# Java VM: Java HotSpot(TM) 64-Bit Server VM (25.181-b13 mixed mode windows-amd64 compressed oops)
Heap:
 PSYoungGen      total 70656K, used 65804K [0x00000000d6100000, 0x00000000de400000, 0x0000000100000000)
  eden space 65536K, 92% used [0x00000000d6100000,0x00000000d9c46930,0x00000000da100000)
  from space 5120K, 99% used [0x00000000da100000,0x00000000da5fc740,0x00000000da600000)
  to   space 14848K, 0% used [0x00000000dd580000,0x00000000dd580000,0x00000000de400000)
 ParOldGen       total 54272K, used 22359K [0x0000000082200000, 0x0000000085700000, 0x00000000d6100000)
  object space 54272K, 41% used [0x0000000082200000,0x00000000837d5f48,0x0000000085700000)
 Metaspace       used 24578K, capacity 25902K, committed 25984K, reserved 1071104K
  class space    used 3356K, capacity 3648K, committed 3712K, reserved 1048576K
GC Heap History (10 events):
Event: 1.736 GC heap before
{Heap before GC invocations=2 (full 0):
 PSYoungGen      total 37888K, used 18539K [0x00000000d6100000, 0x00000000d8b00000, 0x0000000100000000)
  eden space 32768K, 41% used [0x00000000d6100000,0x00000000d6e5bab8,0x00000000d8100000)
  from space 5120K, 94% used [0x00000000d8100000,0x00000000d85bf4c8,0x00000000d8600000)
  to   space 5120K, 0% used [0x00000000d8600000,0x00000000d8600000,0x00000000d8b00000)
 ParOldGen       total 86016K, used 80K [0x0000000082200000, 0x0000000087600000, 0x00000000d6100000)
  object space 86016K, 0% used [0x0000000082200000,0x0000000082214010,0x0000000087600000)
 Metaspace       used 20022K, capacity 21212K, committed 21504K, reserved 1067008K
  class space    used 2960K, capacity 3221K, committed 3328K, reserved 1048576K
Event: 1.743 GC heap after
Heap after GC invocations=2 (full 0):
 PSYoungGen      total 37888K, used 5097K [0x00000000d6100000, 0x00000000dab00000, 0x0000000100000000)
  eden space 32768K, 0% used [0x00000000d6100000,0x00000000d6100000,0x00000000d8100000)
  from space 5120K, 99% used [0x00000000d8600000,0x00000000d8afa588,0x00000000d8b00000)
  to   space 5120K, 0% used [0x00000000d8100000,0x00000000d8100000,0x00000000d8600000)
 ParOldGen       total 86016K, used 1722K [0x0000000082200000, 0x0000000087600000, 0x00000000d6100000)
  object space 86016K, 2% used [0x0000000082200000,0x00000000823ae8c8,0x0000000087600000)
 Metaspace       used 20022K, capacity 21212K, committed 21504K, reserved 1067008K
  class space    used 2960K, capacity 3221K, committed 3328K, reserved 1048576K
}
Event: 1.763 GC heap before
{Heap before GC invocations=3 (full 0):
 PSYoungGen      total 37888K, used 10433K [0x00000000d6100000, 0x00000000dab00000, 0x0000000100000000)
  eden space 32768K, 16% used [0x00000000d6100000,0x00000000d6636110,0x00000000d8100000)
  from space 5120K, 99% used [0x00000000d8600000,0x00000000d8afa588,0x00000000d8b00000)
  to   space 5120K, 0% used [0x00000000d8100000,0x00000000d8100000,0x00000000d8600000)
 ParOldGen       total 86016K, used 1722K [0x0000000082200000, 0x0000000087600000, 0x00000000d6100000)
  object space 86016K, 2% used [0x0000000082200000,0x00000000823ae8c8,0x0000000087600000)
 Metaspace       used 20400K, capacity 21512K, committed 21628K, reserved 1067008K
  class space    used 3005K, capacity 3257K, committed 3328K, reserved 1048576K
Event: 1.768 GC heap after
Heap after GC invocations=3 (full 0):
 PSYoungGen      total 37888K, used 5097K [0x00000000d6100000, 0x00000000dab00000, 0x0000000100000000)
  eden space 32768K, 0% used [0x00000000d6100000,0x00000000d6100000,0x00000000d8100000)
  from space 5120K, 99% used [0x00000000d8100000,0x00000000d85fa548,0x00000000d8600000)
  to   space 5120K, 0% used [0x00000000da600000,0x00000000da600000,0x00000000dab00000)
 ParOldGen       total 86016K, used 6714K [0x0000000082200000, 0x0000000087600000, 0x00000000d6100000)
  object space 86016K, 7% used [0x0000000082200000,0x000000008288e948,0x0000000087600000)
 Metaspace       used 20400K, capacity 21512K, committed 21628K, reserved 1067008K
  class space    used 3005K, capacity 3257K, committed 3328K, reserved 1048576K
}
Event: 1.769 GC heap before
{Heap before GC invocations=4 (full 1):
 PSYoungGen      total 37888K, used 5097K [0x00000000d6100000, 0x00000000dab00000, 0x0000000100000000)
  eden space 32768K, 0% used [0x00000000d6100000,0x00000000d6100000,0x00000000d8100000)
  from space 5120K, 99% used [0x00000000d8100000,0x00000000d85fa548,0x00000000d8600000)
  to   space 5120K, 0% used [0x00000000da600000,0x00000000da600000,0x00000000dab00000)
 ParOldGen       total 86016K, used 6714K [0x0000000082200000, 0x0000000087600000, 0x00000000d6100000)
  object space 86016K, 7% used [0x0000000082200000,0x000000008288e948,0x0000000087600000)
 Metaspace       used 20400K, capacity 21512K, committed 21628K, reserved 1067008K
  class space    used 3005K, capacity 3257K, committed 3328K, reserved 1048576K
Event: 1.792 GC heap after
Heap after GC invocations=4 (full 1):
 PSYoungGen      total 37888K, used 0K [0x00000000d6100000, 0x00000000dab00000, 0x0000000100000000)
  eden space 32768K, 0% used [0x00000000d6100000,0x00000000d6100000,0x00000000d8100000)
  from space 5120K, 0% used [0x00000000d8100000,0x00000000d8100000,0x00000000d8600000)
  to   space 5120K, 0% used [0x00000000da600000,0x00000000da600000,0x00000000dab00000)
 ParOldGen       total 54272K, used 9745K [0x0000000082200000, 0x0000000085700000, 0x00000000d6100000)
  object space 54272K, 17% used [0x0000000082200000,0x0000000082b84638,0x0000000085700000)
 Metaspace       used 20400K, capacity 21512K, committed 21628K, reserved 1067008K
  class space    used 3005K, capacity 3257K, committed 3328K, reserved 1048576K
}
Event: 3.285 GC heap before
{Heap before GC invocations=5 (full 1):
 PSYoungGen      total 37888K, used 32768K [0x00000000d6100000, 0x00000000dab00000, 0x0000000100000000)
  eden space 32768K, 100% used [0x00000000d6100000,0x00000000d8100000,0x00000000d8100000)
  from space 5120K, 0% used [0x00000000d8100000,0x00000000d8100000,0x00000000d8600000)
  to   space 5120K, 0% used [0x00000000da600000,0x00000000da600000,0x00000000dab00000)
 ParOldGen       total 54272K, used 9745K [0x0000000082200000, 0x0000000085700000, 0x00000000d6100000)
  object space 54272K, 17% used [0x0000000082200000,0x0000000082b84638,0x0000000085700000)
 Metaspace       used 23357K, capacity 24566K, committed 24960K, reserved 1071104K
  class space    used 3315K, capacity 3596K, committed 3712K, reserved 1048576K
Event: 3.289 GC heap after
Heap after GC invocations=5 (full 1):
 PSYoungGen      total 64512K, used 4900K [0x00000000d6100000, 0x00000000dab00000, 0x0000000100000000)
  eden space 59392K, 0% used [0x00000000d6100000,0x00000000d6100000,0x00000000d9b00000)
  from space 5120K, 95% used [0x00000000da600000,0x00000000daac92a0,0x00000000dab00000)
  to   space 5120K, 0% used [0x00000000da100000,0x00000000da100000,0x00000000da600000)
 ParOldGen       total 54272K, used 13849K [0x0000000082200000, 0x0000000085700000, 0x00000000d6100000)
  object space 54272K, 25% used [0x0000000082200000,0x0000000082f86658,0x0000000085700000)
 Metaspace       used 23357K, capacity 24566K, committed 24960K, reserved 1071104K
  class space    used 3315K, capacity 3596K, committed 3712K, reserved 1048576K
}
Event: 16.881 GC heap before
{Heap before GC invocations=6 (full 1):
 PSYoungGen      total 64512K, used 64237K [0x00000000d6100000, 0x00000000dab00000, 0x0000000100000000)
  eden space 59392K, 99% used [0x00000000d6100000,0x00000000d9af2518,0x00000000d9b00000)
  from space 5120K, 95% used [0x00000000da600000,0x00000000daac92a0,0x00000000dab00000)
  to   space 5120K, 0% used [0x00000000da100000,0x00000000da100000,0x00000000da600000)
 ParOldGen       total 54272K, used 13913K [0x0000000082200000, 0x0000000085700000, 0x00000000d6100000)
  object space 54272K, 25% used [0x0000000082200000,0x0000000082f96668,0x0000000085700000)
 Metaspace       used 24400K, capacity 25646K, committed 25728K, reserved 1071104K
  class space    used 3355K, capacity 3648K, committed 3712K, reserved 1048576K
Event: 16.887 GC heap after
Heap after GC invocations=6 (full 1):
 PSYoungGen      total 70656K, used 5105K [0x00000000d6100000, 0x00000000de400000, 0x0000000100000000)
  eden space 65536K, 0% used [0x00000000d6100000,0x00000000d6100000,0x00000000da100000)
  from space 5120K, 99% used [0x00000000da100000,0x00000000da5fc740,0x00000000da600000)
  to   space 14848K, 0% used [0x00000000dd580000,0x00000000dd580000,0x00000000de400000)
 ParOldGen       total 54272K, used 22359K [0x0000000082200000, 0x0000000085700000, 0x00000000d6100000)
  object space 54272K, 41% used [0x0000000082200000,0x00000000837d5f48,0x0000000085700000)
 Metaspace       used 24400K, capacity 25646K, committed 25728K, reserved 1071104K
  class space    used 3355K, capacity 3648K, committed 3712K, reserved 1048576K
}

