# JRE version: Java(TM) SE Runtime Environment (8.0_191-b12) (build 1.8.0_191-b12)
# Java VM: Java HotSpot(TM) 64-Bit Server VM (25.191-b12 mixed mode windows-amd64 compressed oops)
Heap:
 PSYoungGen      total 37888K, used 27236K [0x00000000d6100000, 0x00000000dab00000, 0x0000000100000000)
  eden space 32768K, 83% used [0x00000000d6100000,0x00000000d7b990e8,0x00000000d8100000)
  from space 5120K, 0% used [0x00000000d8600000,0x00000000d8600000,0x00000000d8b00000)
  to   space 5120K, 0% used [0x00000000d8100000,0x00000000d8100000,0x00000000d8600000)
 ParOldGen       total 68096K, used 8233K [0x0000000082200000, 0x0000000086480000, 0x00000000d6100000)
  object space 68096K, 12% used [0x0000000082200000,0x0000000082a0a778,0x0000000086480000)
 Metaspace       used 23487K, capacity 24742K, committed 24960K, reserved 1071104K
  class space    used 3378K, capacity 3646K, committed 3712K, reserved 1048576K
GC Heap History (6 events):
Event: 0.783 GC heap before
{Heap before GC invocations=1 (full 0):
 PSYoungGen      total 37888K, used 32768K [0x00000000d6100000, 0x00000000d8b00000, 0x0000000100000000)
  eden space 32768K, 100% used [0x00000000d6100000,0x00000000d8100000,0x00000000d8100000)
  from space 5120K, 0% used [0x00000000d8600000,0x00000000d8600000,0x00000000d8b00000)
  to   space 5120K, 0% used [0x00000000d8100000,0x00000000d8100000,0x00000000d8600000)
 ParOldGen       total 86016K, used 0K [0x0000000082200000, 0x0000000087600000, 0x00000000d6100000)
  object space 86016K, 0% used [0x0000000082200000,0x0000000082200000,0x0000000087600000)
 Metaspace       used 14258K, capacity 14852K, committed 14976K, reserved 1062912K
  class space    used 1923K, capacity 2095K, committed 2176K, reserved 1048576K
Event: 0.790 GC heap after
Heap after GC invocations=1 (full 0):
 PSYoungGen      total 37888K, used 5095K [0x00000000d6100000, 0x00000000d8b00000, 0x0000000100000000)
  eden space 32768K, 0% used [0x00000000d6100000,0x00000000d6100000,0x00000000d8100000)
  from space 5120K, 99% used [0x00000000d8100000,0x00000000d85f9cd0,0x00000000d8600000)
  to   space 5120K, 0% used [0x00000000d8600000,0x00000000d8600000,0x00000000d8b00000)
 ParOldGen       total 86016K, used 96K [0x0000000082200000, 0x0000000087600000, 0x00000000d6100000)
  object space 86016K, 0% used [0x0000000082200000,0x0000000082218010,0x0000000087600000)
 Metaspace       used 14258K, capacity 14852K, committed 14976K, reserved 1062912K
  class space    used 1923K, capacity 2095K, committed 2176K, reserved 1048576K
}
Event: 1.127 GC heap before
{Heap before GC invocations=2 (full 0):
 PSYoungGen      total 37888K, used 32324K [0x00000000d6100000, 0x00000000d8b00000, 0x0000000100000000)
  eden space 32768K, 83% used [0x00000000d6100000,0x00000000d7b97570,0x00000000d8100000)
  from space 5120K, 99% used [0x00000000d8100000,0x00000000d85f9cd0,0x00000000d8600000)
  to   space 5120K, 0% used [0x00000000d8600000,0x00000000d8600000,0x00000000d8b00000)
 ParOldGen       total 86016K, used 96K [0x0000000082200000, 0x0000000087600000, 0x00000000d6100000)
  object space 86016K, 0% used [0x0000000082200000,0x0000000082218010,0x0000000087600000)
 Metaspace       used 20198K, capacity 21240K, committed 21248K, reserved 1067008K
  class space    used 2832K, capacity 3069K, committed 3072K, reserved 1048576K
Event: 1.133 GC heap after
Heap after GC invocations=2 (full 0):
 PSYoungGen      total 37888K, used 5108K [0x00000000d6100000, 0x00000000dab00000, 0x0000000100000000)
  eden space 32768K, 0% used [0x00000000d6100000,0x00000000d6100000,0x00000000d8100000)
  from space 5120K, 99% used [0x00000000d8600000,0x00000000d8afd208,0x00000000d8b00000)
  to   space 5120K, 0% used [0x00000000d8100000,0x00000000d8100000,0x00000000d8600000)
 ParOldGen       total 86016K, used 3307K [0x0000000082200000, 0x0000000087600000, 0x00000000d6100000)
  object space 86016K, 3% used [0x0000000082200000,0x000000008253acc8,0x0000000087600000)
 Metaspace       used 20198K, capacity 21240K, committed 21248K, reserved 1067008K
  class space    used 2832K, capacity 3069K, committed 3072K, reserved 1048576K
}
Event: 1.133 GC heap before
{Heap before GC invocations=3 (full 1):
 PSYoungGen      total 37888K, used 5108K [0x00000000d6100000, 0x00000000dab00000, 0x0000000100000000)
  eden space 32768K, 0% used [0x00000000d6100000,0x00000000d6100000,0x00000000d8100000)
  from space 5120K, 99% used [0x00000000d8600000,0x00000000d8afd208,0x00000000d8b00000)
  to   space 5120K, 0% used [0x00000000d8100000,0x00000000d8100000,0x00000000d8600000)
 ParOldGen       total 86016K, used 3307K [0x0000000082200000, 0x0000000087600000, 0x00000000d6100000)
  object space 86016K, 3% used [0x0000000082200000,0x000000008253acc8,0x0000000087600000)
 Metaspace       used 20198K, capacity 21240K, committed 21248K, reserved 1067008K
  class space    used 2832K, capacity 3069K, committed 3072K, reserved 1048576K
Event: 1.166 GC heap after
Heap after GC invocations=3 (full 1):
 PSYoungGen      total 37888K, used 0K [0x00000000d6100000, 0x00000000dab00000, 0x0000000100000000)
  eden space 32768K, 0% used [0x00000000d6100000,0x00000000d6100000,0x00000000d8100000)
  from space 5120K, 0% used [0x00000000d8600000,0x00000000d8600000,0x00000000d8b00000)
  to   space 5120K, 0% used [0x00000000d8100000,0x00000000d8100000,0x00000000d8600000)
 ParOldGen       total 68096K, used 8233K [0x0000000082200000, 0x0000000086480000, 0x00000000d6100000)
  object space 68096K, 12% used [0x0000000082200000,0x0000000082a0a778,0x0000000086480000)
 Metaspace       used 20198K, capacity 21240K, committed 21248K, reserved 1067008K
  class space    used 2832K, capacity 3069K, committed 3072K, reserved 1048576K
}

