# JRE version: Java(TM) SE Runtime Environment (8.0_181-b13) (build 1.8.0_181-b13)
# Java VM: Java HotSpot(TM) 64-Bit Server VM (25.181-b13 mixed mode windows-amd64 compressed oops)
Heap:
 PSYoungGen      total 49664K, used 39153K [0x00000000d6100000, 0x00000000da380000, 0x0000000100000000)
  eden space 44544K, 87% used [0x00000000d6100000,0x00000000d870f810,0x00000000d8c80000)
  from space 5120K, 3% used [0x00000000d9180000,0x00000000d91acf80,0x00000000d9680000)
  to   space 5120K, 0% used [0x00000000d8c80000,0x00000000d8c80000,0x00000000d9180000)
 ParOldGen       total 64512K, used 17066K [0x0000000082200000, 0x0000000086100000, 0x00000000d6100000)
  object space 64512K, 26% used [0x0000000082200000,0x00000000832aaba0,0x0000000086100000)
 Metaspace       used 23214K, capacity 24444K, committed 24576K, reserved 1071104K
  class space    used 3310K, capacity 3562K, committed 3584K, reserved 1048576K
GC Heap History (10 events):
Event: 1.341 GC heap before
{Heap before GC invocations=5 (full 1):
 PSYoungGen      total 37888K, used 37807K [0x00000000d6100000, 0x00000000d9680000, 0x0000000100000000)
  eden space 32768K, 99% used [0x00000000d6100000,0x00000000d80f00d8,0x00000000d8100000)
  from space 5120K, 99% used [0x00000000d8100000,0x00000000d85fbd00,0x00000000d8600000)
  to   space 5120K, 0% used [0x00000000d9180000,0x00000000d9180000,0x00000000d9680000)
 ParOldGen       total 64512K, used 10069K [0x0000000082200000, 0x0000000086100000, 0x00000000d6100000)
  object space 64512K, 15% used [0x0000000082200000,0x0000000082bd57f0,0x0000000086100000)
 Metaspace       used 22664K, capacity 23830K, committed 24064K, reserved 1069056K
  class space    used 3249K, capacity 3489K, committed 3584K, reserved 1048576K
Event: 1.344 GC heap after
Heap after GC invocations=5 (full 1):
 PSYoungGen      total 49664K, used 5055K [0x00000000d6100000, 0x00000000da380000, 0x0000000100000000)
  eden space 44544K, 0% used [0x00000000d6100000,0x00000000d6100000,0x00000000d8c80000)
  from space 5120K, 98% used [0x00000000d9180000,0x00000000d966ff70,0x00000000d9680000)
  to   space 5120K, 0% used [0x00000000d8c80000,0x00000000d8c80000,0x00000000d9180000)
 ParOldGen       total 64512K, used 12126K [0x0000000082200000, 0x0000000086100000, 0x00000000d6100000)
  object space 64512K, 18% used [0x0000000082200000,0x0000000082dd7800,0x0000000086100000)
 Metaspace       used 22664K, capacity 23830K, committed 24064K, reserved 1069056K
  class space    used 3249K, capacity 3489K, committed 3584K, reserved 1048576K
}
Event: 1.354 GC heap before
{Heap before GC invocations=6 (full 1):
 PSYoungGen      total 49664K, used 49541K [0x00000000d6100000, 0x00000000da380000, 0x0000000100000000)
  eden space 44544K, 99% used [0x00000000d6100000,0x00000000d8c71770,0x00000000d8c80000)
  from space 5120K, 98% used [0x00000000d9180000,0x00000000d966ff70,0x00000000d9680000)
  to   space 5120K, 0% used [0x00000000d8c80000,0x00000000d8c80000,0x00000000d9180000)
 ParOldGen       total 64512K, used 12126K [0x0000000082200000, 0x0000000086100000, 0x00000000d6100000)
  object space 64512K, 18% used [0x0000000082200000,0x0000000082dd7800,0x0000000086100000)
 Metaspace       used 22664K, capacity 23830K, committed 24064K, reserved 1069056K
  class space    used 3249K, capacity 3489K, committed 3584K, reserved 1048576K
Event: 1.360 GC heap after
Heap after GC invocations=6 (full 1):
 PSYoungGen      total 49664K, used 5086K [0x00000000d6100000, 0x00000000da380000, 0x0000000100000000)
  eden space 44544K, 0% used [0x00000000d6100000,0x00000000d6100000,0x00000000d8c80000)
  from space 5120K, 99% used [0x00000000d8c80000,0x00000000d9177aa0,0x00000000d9180000)
  to   space 5120K, 0% used [0x00000000d9180000,0x00000000d9180000,0x00000000d9680000)
 ParOldGen       total 64512K, used 14182K [0x0000000082200000, 0x0000000086100000, 0x00000000d6100000)
  object space 64512K, 21% used [0x0000000082200000,0x0000000082fd9810,0x0000000086100000)
 Metaspace       used 22664K, capacity 23830K, committed 24064K, reserved 1069056K
  class space    used 3249K, capacity 3489K, committed 3584K, reserved 1048576K
}
Event: 1.369 GC heap before
{Heap before GC invocations=7 (full 1):
 PSYoungGen      total 49664K, used 49616K [0x00000000d6100000, 0x00000000da380000, 0x0000000100000000)
  eden space 44544K, 99% used [0x00000000d6100000,0x00000000d8c7c570,0x00000000d8c80000)
  from space 5120K, 99% used [0x00000000d8c80000,0x00000000d9177aa0,0x00000000d9180000)
  to   space 5120K, 0% used [0x00000000d9180000,0x00000000d9180000,0x00000000d9680000)
 ParOldGen       total 64512K, used 14182K [0x0000000082200000, 0x0000000086100000, 0x00000000d6100000)
  object space 64512K, 21% used [0x0000000082200000,0x0000000082fd9810,0x0000000086100000)
 Metaspace       used 22664K, capacity 23830K, committed 24064K, reserved 1069056K
  class space    used 3249K, capacity 3489K, committed 3584K, reserved 1048576K
Event: 1.370 GC heap after
Heap after GC invocations=7 (full 1):
 PSYoungGen      total 49664K, used 3077K [0x00000000d6100000, 0x00000000da380000, 0x0000000100000000)
  eden space 44544K, 0% used [0x00000000d6100000,0x00000000d6100000,0x00000000d8c80000)
  from space 5120K, 60% used [0x00000000d9180000,0x00000000d9481518,0x00000000d9680000)
  to   space 5120K, 0% used [0x00000000d8c80000,0x00000000d8c80000,0x00000000d9180000)
 ParOldGen       total 64512K, used 14190K [0x0000000082200000, 0x0000000086100000, 0x00000000d6100000)
  object space 64512K, 21% used [0x0000000082200000,0x0000000082fdb810,0x0000000086100000)
 Metaspace       used 22664K, capacity 23830K, committed 24064K, reserved 1069056K
  class space    used 3249K, capacity 3489K, committed 3584K, reserved 1048576K
}
Event: 1.379 GC heap before
{Heap before GC invocations=8 (full 1):
 PSYoungGen      total 49664K, used 47520K [0x00000000d6100000, 0x00000000da380000, 0x0000000100000000)
  eden space 44544K, 99% used [0x00000000d6100000,0x00000000d8c66ce0,0x00000000d8c80000)
  from space 5120K, 60% used [0x00000000d9180000,0x00000000d9481518,0x00000000d9680000)
  to   space 5120K, 0% used [0x00000000d8c80000,0x00000000d8c80000,0x00000000d9180000)
 ParOldGen       total 64512K, used 14190K [0x0000000082200000, 0x0000000086100000, 0x00000000d6100000)
  object space 64512K, 21% used [0x0000000082200000,0x0000000082fdb810,0x0000000086100000)
 Metaspace       used 22664K, capacity 23830K, committed 24064K, reserved 1069056K
  class space    used 3249K, capacity 3489K, committed 3584K, reserved 1048576K
Event: 1.381 GC heap after
Heap after GC invocations=8 (full 1):
 PSYoungGen      total 49664K, used 3097K [0x00000000d6100000, 0x00000000da380000, 0x0000000100000000)
  eden space 44544K, 0% used [0x00000000d6100000,0x00000000d6100000,0x00000000d8c80000)
  from space 5120K, 60% used [0x00000000d8c80000,0x00000000d8f86428,0x00000000d9180000)
  to   space 5120K, 0% used [0x00000000d9180000,0x00000000d9180000,0x00000000d9680000)
 ParOldGen       total 64512K, used 14190K [0x0000000082200000, 0x0000000086100000, 0x00000000d6100000)
  object space 64512K, 21% used [0x0000000082200000,0x0000000082fdb810,0x0000000086100000)
 Metaspace       used 22664K, capacity 23830K, committed 24064K, reserved 1069056K
  class space    used 3249K, capacity 3489K, committed 3584K, reserved 1048576K
}
Event: 1.389 GC heap before
{Heap before GC invocations=9 (full 1):
 PSYoungGen      total 49664K, used 47508K [0x00000000d6100000, 0x00000000da380000, 0x0000000100000000)
  eden space 44544K, 99% used [0x00000000d6100000,0x00000000d8c5ed58,0x00000000d8c80000)
  from space 5120K, 60% used [0x00000000d8c80000,0x00000000d8f86428,0x00000000d9180000)
  to   space 5120K, 0% used [0x00000000d9180000,0x00000000d9180000,0x00000000d9680000)
 ParOldGen       total 64512K, used 14190K [0x0000000082200000, 0x0000000086100000, 0x00000000d6100000)
  object space 64512K, 21% used [0x0000000082200000,0x0000000082fdb810,0x0000000086100000)
 Metaspace       used 22664K, capacity 23830K, committed 24064K, reserved 1069056K
  class space    used 3249K, capacity 3489K, committed 3584K, reserved 1048576K
Event: 1.391 GC heap after
Heap after GC invocations=9 (full 1):
 PSYoungGen      total 49664K, used 179K [0x00000000d6100000, 0x00000000da380000, 0x0000000100000000)
  eden space 44544K, 0% used [0x00000000d6100000,0x00000000d6100000,0x00000000d8c80000)
  from space 5120K, 3% used [0x00000000d9180000,0x00000000d91acf80,0x00000000d9680000)
  to   space 5120K, 0% used [0x00000000d8c80000,0x00000000d8c80000,0x00000000d9180000)
 ParOldGen       total 64512K, used 17066K [0x0000000082200000, 0x0000000086100000, 0x00000000d6100000)
  object space 64512K, 26% used [0x0000000082200000,0x00000000832aaba0,0x0000000086100000)
 Metaspace       used 22664K, capacity 23830K, committed 24064K, reserved 1069056K
  class space    used 3249K, capacity 3489K, committed 3584K, reserved 1048576K
}

